{"/home/user/Chat2DB/mp-app/studio/dist/sw.js": {"path":"/home/user/Chat2DB/mp-app/studio/dist/sw.js","all":true,"statementMap":{"0":{"start":{"line":1,"column":0},"end":{"line":1,"column":3}},"1":{"start":{"line":2,"column":0},"end":{"line":2,"column":34}},"2":{"start":{"line":3,"column":0},"end":{"line":3,"column":2}},"3":{"start":{"line":4,"column":0},"end":{"line":4,"column":39}},"4":{"start":{"line":5,"column":0},"end":{"line":5,"column":78}},"5":{"start":{"line":6,"column":0},"end":{"line":6,"column":79}},"6":{"start":{"line":7,"column":0},"end":{"line":7,"column":46}},"7":{"start":{"line":8,"column":0},"end":{"line":8,"column":77}},"8":{"start":{"line":9,"column":0},"end":{"line":9,"column":77}},"9":{"start":{"line":10,"column":0},"end":{"line":10,"column":3}},"10":{"start":{"line":11,"column":0},"end":{"line":11,"column":29}},"11":{"start":{"line":12,"column":0},"end":{"line":12,"column":33}},"12":{"start":{"line":13,"column":0},"end":{"line":13,"column":35}},"14":{"start":{"line":15,"column":0},"end":{"line":15,"column":91}},"16":{"start":{"line":17,"column":0},"end":{"line":17,"column":77}},"17":{"start":{"line":18,"column":0},"end":{"line":18,"column":21}},"18":{"start":{"line":19,"column":0},"end":{"line":19,"column":100}},"19":{"start":{"line":20,"column":0},"end":{"line":20,"column":1}},"21":{"start":{"line":22,"column":0},"end":{"line":22,"column":45}},"22":{"start":{"line":23,"column":0},"end":{"line":23,"column":18}},"23":{"start":{"line":24,"column":0},"end":{"line":24,"column":10}},"24":{"start":{"line":25,"column":0},"end":{"line":25,"column":18}},"25":{"start":{"line":26,"column":0},"end":{"line":26,"column":46}},"26":{"start":{"line":27,"column":0},"end":{"line":27,"column":79}},"27":{"start":{"line":28,"column":0},"end":{"line":28,"column":38}},"28":{"start":{"line":29,"column":0},"end":{"line":29,"column":4}},"29":{"start":{"line":30,"column":0},"end":{"line":30,"column":3}},"31":{"start":{"line":32,"column":0},"end":{"line":32,"column":46}},"32":{"start":{"line":33,"column":0},"end":{"line":33,"column":18}},"33":{"start":{"line":34,"column":0},"end":{"line":34,"column":10}},"34":{"start":{"line":35,"column":0},"end":{"line":35,"column":13}},"35":{"start":{"line":36,"column":0},"end":{"line":36,"column":21}},"36":{"start":{"line":37,"column":0},"end":{"line":37,"column":93}},"37":{"start":{"line":38,"column":0},"end":{"line":38,"column":7}},"38":{"start":{"line":39,"column":0},"end":{"line":39,"column":40}},"39":{"start":{"line":40,"column":0},"end":{"line":40,"column":4}},"40":{"start":{"line":41,"column":0},"end":{"line":41,"column":3}},"42":{"start":{"line":43,"column":0},"end":{"line":43,"column":48}},"43":{"start":{"line":44,"column":0},"end":{"line":44,"column":30}},"44":{"start":{"line":45,"column":0},"end":{"line":45,"column":36}},"45":{"start":{"line":46,"column":0},"end":{"line":46,"column":12}},"46":{"start":{"line":47,"column":0},"end":{"line":47,"column":12}},"47":{"start":{"line":48,"column":0},"end":{"line":48,"column":41}},"48":{"start":{"line":49,"column":0},"end":{"line":49,"column":26}},"49":{"start":{"line":50,"column":0},"end":{"line":50,"column":40}},"50":{"start":{"line":51,"column":0},"end":{"line":51,"column":72}},"51":{"start":{"line":52,"column":0},"end":{"line":52,"column":9}},"52":{"start":{"line":53,"column":0},"end":{"line":53,"column":24}},"53":{"start":{"line":54,"column":0},"end":{"line":54,"column":9}},"54":{"start":{"line":55,"column":0},"end":{"line":55,"column":4}},"55":{"start":{"line":56,"column":0},"end":{"line":56,"column":1}},"57":{"start":{"line":58,"column":0},"end":{"line":58,"column":76}},"58":{"start":{"line":59,"column":0},"end":{"line":59,"column":40}},"59":{"start":{"line":60,"column":0},"end":{"line":60,"column":23}},"60":{"start":{"line":61,"column":0},"end":{"line":61,"column":25}},"61":{"start":{"line":62,"column":0},"end":{"line":62,"column":24}},"62":{"start":{"line":63,"column":0},"end":{"line":63,"column":38}},"63":{"start":{"line":64,"column":0},"end":{"line":64,"column":70}},"64":{"start":{"line":65,"column":0},"end":{"line":65,"column":7}},"65":{"start":{"line":66,"column":0},"end":{"line":66,"column":22}},"66":{"start":{"line":67,"column":0},"end":{"line":67,"column":6}},"67":{"start":{"line":68,"column":0},"end":{"line":68,"column":82}},"68":{"start":{"line":69,"column":0},"end":{"line":69,"column":1}},"70":{"start":{"line":71,"column":0},"end":{"line":71,"column":43}},"71":{"start":{"line":72,"column":0},"end":{"line":72,"column":28}},"72":{"start":{"line":73,"column":0},"end":{"line":73,"column":39}},"74":{"start":{"line":75,"column":0},"end":{"line":75,"column":35}},"75":{"start":{"line":76,"column":0},"end":{"line":76,"column":50}},"76":{"start":{"line":77,"column":0},"end":{"line":77,"column":40}},"78":{"start":{"line":79,"column":0},"end":{"line":79,"column":36}},"79":{"start":{"line":80,"column":0},"end":{"line":80,"column":83}},"80":{"start":{"line":81,"column":0},"end":{"line":81,"column":53}},"81":{"start":{"line":82,"column":0},"end":{"line":82,"column":11}},"82":{"start":{"line":83,"column":0},"end":{"line":83,"column":3}},"84":{"start":{"line":85,"column":0},"end":{"line":85,"column":44}},"85":{"start":{"line":86,"column":0},"end":{"line":86,"column":43}},"86":{"start":{"line":87,"column":0},"end":{"line":87,"column":11}},"87":{"start":{"line":88,"column":0},"end":{"line":88,"column":3}},"89":{"start":{"line":90,"column":0},"end":{"line":90,"column":20}},"90":{"start":{"line":91,"column":0},"end":{"line":91,"column":31}},"91":{"start":{"line":92,"column":0},"end":{"line":92,"column":14}},"92":{"start":{"line":93,"column":0},"end":{"line":93,"column":14}},"93":{"start":{"line":94,"column":0},"end":{"line":94,"column":43}},"94":{"start":{"line":95,"column":0},"end":{"line":95,"column":28}},"95":{"start":{"line":96,"column":0},"end":{"line":96,"column":42}},"96":{"start":{"line":97,"column":0},"end":{"line":97,"column":74}},"97":{"start":{"line":98,"column":0},"end":{"line":98,"column":11}},"98":{"start":{"line":99,"column":0},"end":{"line":99,"column":26}},"99":{"start":{"line":100,"column":0},"end":{"line":100,"column":11}},"100":{"start":{"line":101,"column":0},"end":{"line":101,"column":6}},"101":{"start":{"line":102,"column":0},"end":{"line":102,"column":4}},"102":{"start":{"line":103,"column":0},"end":{"line":103,"column":3}}},"s":{"0":0,"1":0,"2":0,"3":0,"4":0,"5":0,"6":0,"7":0,"8":0,"9":0,"10":0,"11":0,"12":0,"14":0,"16":0,"17":0,"18":0,"19":0,"21":0,"22":0,"23":0,"24":0,"25":0,"26":0,"27":0,"28":0,"29":0,"31":0,"32":0,"33":0,"34":0,"35":0,"36":0,"37":0,"38":0,"39":0,"40":0,"42":0,"43":0,"44":0,"45":0,"46":0,"47":0,"48":0,"49":0,"50":0,"51":0,"52":0,"53":0,"54":0,"55":0,"57":0,"58":0,"59":0,"60":0,"61":0,"62":0,"63":0,"64":0,"65":0,"66":0,"67":0,"68":0,"70":0,"71":0,"72":0,"74":0,"75":0,"76":0,"78":0,"79":0,"80":0,"81":0,"82":0,"84":0,"85":0,"86":0,"87":0,"89":0,"90":0,"91":0,"92":0,"93":0,"94":0,"95":0,"96":0,"97":0,"98":0,"99":0,"100":0,"101":0,"102":0},"branchMap":{"0":{"type":"branch","line":1,"loc":{"start":{"line":1,"column":0},"end":{"line":103,"column":-1}},"locations":[{"start":{"line":1,"column":0},"end":{"line":103,"column":-1}}]}},"b":{"0":[0]},"fnMap":{"0":{"name":"(empty-report)","decl":{"start":{"line":1,"column":0},"end":{"line":103,"column":-1}},"loc":{"start":{"line":1,"column":0},"end":{"line":103,"column":-1}},"line":1}},"f":{"0":0}}
,"/home/user/Chat2DB/mp-app/studio/dist/assets/AssessmentJp7-DdeP2Hdc.js": {"path":"/home/user/Chat2DB/mp-app/studio/dist/assets/AssessmentJp7-DdeP2Hdc.js","all":true,"statementMap":{"0":{"start":{"line":1,"column":0},"end":{"line":1,"column":48302}},"1":{"start":{"line":2,"column":0},"end":{"line":2,"column":17}},"2":{"start":{"line":3,"column":0},"end":{"line":3,"column":45}},"3":{"start":{"line":4,"column":0},"end":{"line":4,"column":2}},"4":{"start":{"line":5,"column":0},"end":{"line":5,"column":53}},"5":{"start":{"line":6,"column":0},"end":{"line":6,"column":2}},"6":{"start":{"line":7,"column":0},"end":{"line":7,"column":66}},"7":{"start":{"line":8,"column":0},"end":{"line":8,"column":58}},"8":{"start":{"line":9,"column":0},"end":{"line":9,"column":843}},"9":{"start":{"line":10,"column":0},"end":{"line":10,"column":17}},"10":{"start":{"line":11,"column":0},"end":{"line":11,"column":59}},"11":{"start":{"line":12,"column":0},"end":{"line":12,"column":2}},"12":{"start":{"line":13,"column":0},"end":{"line":13,"column":53}},"13":{"start":{"line":14,"column":0},"end":{"line":14,"column":2}},"14":{"start":{"line":15,"column":0},"end":{"line":15,"column":66}},"15":{"start":{"line":16,"column":0},"end":{"line":16,"column":58}},"16":{"start":{"line":17,"column":0},"end":{"line":17,"column":5652}},"17":{"start":{"line":18,"column":0},"end":{"line":18,"column":37514}},"18":{"start":{"line":19,"column":0},"end":{"line":19,"column":2878}},"19":{"start":{"line":20,"column":0},"end":{"line":20,"column":82}},"20":{"start":{"line":21,"column":0},"end":{"line":21,"column":78}},"21":{"start":{"line":22,"column":0},"end":{"line":22,"column":2518}},"22":{"start":{"line":23,"column":0},"end":{"line":23,"column":17}},"23":{"start":{"line":24,"column":0},"end":{"line":24,"column":54}},"24":{"start":{"line":25,"column":0},"end":{"line":25,"column":2}},"25":{"start":{"line":26,"column":0},"end":{"line":26,"column":53}},"26":{"start":{"line":27,"column":0},"end":{"line":27,"column":2}},"27":{"start":{"line":28,"column":0},"end":{"line":28,"column":66}},"28":{"start":{"line":29,"column":0},"end":{"line":29,"column":58}},"29":{"start":{"line":30,"column":0},"end":{"line":30,"column":5071}},"30":{"start":{"line":31,"column":0},"end":{"line":31,"column":4548}},"31":{"start":{"line":32,"column":0},"end":{"line":32,"column":2390}},"32":{"start":{"line":33,"column":0},"end":{"line":33,"column":12651}},"33":{"start":{"line":34,"column":0},"end":{"line":34,"column":3674}},"34":{"start":{"line":35,"column":0},"end":{"line":35,"column":1445}},"35":{"start":{"line":36,"column":0},"end":{"line":36,"column":142}},"36":{"start":{"line":37,"column":0},"end":{"line":37,"column":142}},"37":{"start":{"line":38,"column":0},"end":{"line":38,"column":127}},"38":{"start":{"line":39,"column":0},"end":{"line":39,"column":37}},"39":{"start":{"line":40,"column":0},"end":{"line":40,"column":21}},"40":{"start":{"line":41,"column":0},"end":{"line":41,"column":37}},"41":{"start":{"line":42,"column":0},"end":{"line":42,"column":21}},"42":{"start":{"line":43,"column":0},"end":{"line":43,"column":37}},"43":{"start":{"line":44,"column":0},"end":{"line":44,"column":21}},"44":{"start":{"line":45,"column":0},"end":{"line":45,"column":5105}},"45":{"start":{"line":46,"column":0},"end":{"line":46,"column":16}},"46":{"start":{"line":47,"column":0},"end":{"line":47,"column":12}},"47":{"start":{"line":48,"column":0},"end":{"line":48,"column":11}},"48":{"start":{"line":49,"column":0},"end":{"line":49,"column":122}},"49":{"start":{"line":50,"column":0},"end":{"line":50,"column":24}},"50":{"start":{"line":51,"column":0},"end":{"line":51,"column":20}},"51":{"start":{"line":52,"column":0},"end":{"line":52,"column":606}},"52":{"start":{"line":53,"column":0},"end":{"line":53,"column":28}},"53":{"start":{"line":54,"column":0},"end":{"line":54,"column":28}},"54":{"start":{"line":55,"column":0},"end":{"line":55,"column":136}},"55":{"start":{"line":56,"column":0},"end":{"line":56,"column":28}},"56":{"start":{"line":57,"column":0},"end":{"line":57,"column":30}},"57":{"start":{"line":58,"column":0},"end":{"line":58,"column":28}},"58":{"start":{"line":59,"column":0},"end":{"line":59,"column":495}},"59":{"start":{"line":60,"column":0},"end":{"line":60,"column":30}},"60":{"start":{"line":61,"column":0},"end":{"line":61,"column":32}},"61":{"start":{"line":62,"column":0},"end":{"line":62,"column":2206}},"62":{"start":{"line":63,"column":0},"end":{"line":63,"column":15424}},"63":{"start":{"line":64,"column":0},"end":{"line":64,"column":58645}},"64":{"start":{"line":65,"column":0},"end":{"line":65,"column":47211}},"65":{"start":{"line":66,"column":0},"end":{"line":66,"column":5844}},"66":{"start":{"line":67,"column":0},"end":{"line":67,"column":4350}},"67":{"start":{"line":68,"column":0},"end":{"line":68,"column":6647}},"68":{"start":{"line":69,"column":0},"end":{"line":69,"column":55}},"69":{"start":{"line":70,"column":0},"end":{"line":70,"column":8195}},"70":{"start":{"line":71,"column":0},"end":{"line":71,"column":2291}},"71":{"start":{"line":72,"column":0},"end":{"line":72,"column":1882}},"72":{"start":{"line":73,"column":0},"end":{"line":73,"column":11357}},"73":{"start":{"line":74,"column":0},"end":{"line":74,"column":9045}},"74":{"start":{"line":75,"column":0},"end":{"line":75,"column":44204}},"75":{"start":{"line":76,"column":0},"end":{"line":76,"column":2445}},"76":{"start":{"line":77,"column":0},"end":{"line":77,"column":14487}}},"s":{"0":0,"1":0,"2":0,"3":0,"4":0,"5":0,"6":0,"7":0,"8":0,"9":0,"10":0,"11":0,"12":0,"13":0,"14":0,"15":0,"16":0,"17":0,"18":0,"19":0,"20":0,"21":0,"22":0,"23":0,"24":0,"25":0,"26":0,"27":0,"28":0,"29":0,"30":0,"31":0,"32":0,"33":0,"34":0,"35":0,"36":0,"37":0,"38":0,"39":0,"40":0,"41":0,"42":0,"43":0,"44":0,"45":0,"46":0,"47":0,"48":0,"49":0,"50":0,"51":0,"52":0,"53":0,"54":0,"55":0,"56":0,"57":0,"58":0,"59":0,"60":0,"61":0,"62":0,"63":0,"64":0,"65":0,"66":0,"67":0,"68":0,"69":0,"70":0,"71":0,"72":0,"73":0,"74":0,"75":0,"76":0},"branchMap":{"0":{"type":"branch","line":1,"loc":{"start":{"line":1,"column":370098},"end":{"line":77,"column":14487}},"locations":[{"start":{"line":1,"column":370098},"end":{"line":77,"column":14487}}]}},"b":{"0":[0]},"fnMap":{"0":{"name":"(empty-report)","decl":{"start":{"line":1,"column":370098},"end":{"line":77,"column":14487}},"loc":{"start":{"line":1,"column":370098},"end":{"line":77,"column":14487}},"line":1}},"f":{"0":0}}
,"/home/user/Chat2DB/mp-app/studio/dist/assets/Coach-DF-sNRRk.js": {"path":"/home/user/Chat2DB/mp-app/studio/dist/assets/Coach-DF-sNRRk.js","all":true,"statementMap":{"0":{"start":{"line":1,"column":0},"end":{"line":1,"column":5755}}},"s":{"0":0},"branchMap":{"0":{"type":"branch","line":1,"loc":{"start":{"line":1,"column":5755},"end":{"line":1,"column":5755}},"locations":[{"start":{"line":1,"column":5755},"end":{"line":1,"column":5755}}]}},"b":{"0":[0]},"fnMap":{"0":{"name":"(empty-report)","decl":{"start":{"line":1,"column":5755},"end":{"line":1,"column":5755}},"loc":{"start":{"line":1,"column":5755},"end":{"line":1,"column":5755}},"line":1}},"f":{"0":0}}
,"/home/user/Chat2DB/mp-app/studio/dist/assets/Operations-B_6nsg-u.js": {"path":"/home/user/Chat2DB/mp-app/studio/dist/assets/Operations-B_6nsg-u.js","all":true,"statementMap":{"0":{"start":{"line":1,"column":0},"end":{"line":1,"column":9041}}},"s":{"0":0},"branchMap":{"0":{"type":"branch","line":1,"loc":{"start":{"line":1,"column":9041},"end":{"line":1,"column":9041}},"locations":[{"start":{"line":1,"column":9041},"end":{"line":1,"column":9041}}]}},"b":{"0":[0]},"fnMap":{"0":{"name":"(empty-report)","decl":{"start":{"line":1,"column":9041},"end":{"line":1,"column":9041}},"loc":{"start":{"line":1,"column":9041},"end":{"line":1,"column":9041}},"line":1}},"f":{"0":0}}
,"/home/user/Chat2DB/mp-app/studio/dist/assets/Programs-CGq7SG-X.js": {"path":"/home/user/Chat2DB/mp-app/studio/dist/assets/Programs-CGq7SG-X.js","all":true,"statementMap":{"0":{"start":{"line":1,"column":0},"end":{"line":1,"column":8519}}},"s":{"0":0},"branchMap":{"0":{"type":"branch","line":1,"loc":{"start":{"line":1,"column":8519},"end":{"line":1,"column":8519}},"locations":[{"start":{"line":1,"column":8519},"end":{"line":1,"column":8519}}]}},"b":{"0":[0]},"fnMap":{"0":{"name":"(empty-report)","decl":{"start":{"line":1,"column":8519},"end":{"line":1,"column":8519}},"loc":{"start":{"line":1,"column":8519},"end":{"line":1,"column":8519}},"line":1}},"f":{"0":0}}
,"/home/user/Chat2DB/mp-app/studio/dist/assets/Sync-TUiACh-d.js": {"path":"/home/user/Chat2DB/mp-app/studio/dist/assets/Sync-TUiACh-d.js","all":true,"statementMap":{"0":{"start":{"line":1,"column":0},"end":{"line":1,"column":4644}}},"s":{"0":0},"branchMap":{"0":{"type":"branch","line":1,"loc":{"start":{"line":1,"column":4644},"end":{"line":1,"column":4644}},"locations":[{"start":{"line":1,"column":4644},"end":{"line":1,"column":4644}}]}},"b":{"0":[0]},"fnMap":{"0":{"name":"(empty-report)","decl":{"start":{"line":1,"column":4644},"end":{"line":1,"column":4644}},"loc":{"start":{"line":1,"column":4644},"end":{"line":1,"column":4644}},"line":1}},"f":{"0":0}}
,"/home/user/Chat2DB/mp-app/studio/dist/assets/client-CRoZgkE5.js": {"path":"/home/user/Chat2DB/mp-app/studio/dist/assets/client-CRoZgkE5.js","all":true,"statementMap":{"0":{"start":{"line":1,"column":0},"end":{"line":1,"column":428}}},"s":{"0":0},"branchMap":{"0":{"type":"branch","line":1,"loc":{"start":{"line":1,"column":0},"end":{"line":1,"column":223}},"locations":[{"start":{"line":1,"column":0},"end":{"line":1,"column":223}}]}},"b":{"0":[0]},"fnMap":{"0":{"name":"(empty-report)","decl":{"start":{"line":1,"column":0},"end":{"line":1,"column":223}},"loc":{"start":{"line":1,"column":0},"end":{"line":1,"column":223}},"line":1}},"f":{"0":0}}
,"/home/user/Chat2DB/mp-app/studio/dist/assets/main-CkZoEKdR.js": {"path":"/home/user/Chat2DB/mp-app/studio/dist/assets/main-CkZoEKdR.js","all":true,"statementMap":{"0":{"start":{"line":1,"column":0},"end":{"line":1,"column":276}},"1":{"start":{"line":2,"column":0},"end":{"line":2,"column":1820}},"2":{"start":{"line":3,"column":0},"end":{"line":3,"column":39}},"3":{"start":{"line":4,"column":0},"end":{"line":4,"column":42}},"4":{"start":{"line":5,"column":0},"end":{"line":5,"column":37}},"5":{"start":{"line":6,"column":0},"end":{"line":6,"column":38}},"6":{"start":{"line":7,"column":0},"end":{"line":7,"column":30}},"7":{"start":{"line":8,"column":0},"end":{"line":8,"column":30}},"8":{"start":{"line":9,"column":0},"end":{"line":9,"column":11}},"9":{"start":{"line":10,"column":0},"end":{"line":10,"column":12077}}},"s":{"0":0,"1":0,"2":0,"3":0,"4":0,"5":0,"6":0,"7":0,"8":0,"9":0},"branchMap":{"0":{"type":"branch","line":1,"loc":{"start":{"line":1,"column":14409},"end":{"line":10,"column":12077}},"locations":[{"start":{"line":1,"column":14409},"end":{"line":10,"column":12077}}]}},"b":{"0":[0]},"fnMap":{"0":{"name":"(empty-report)","decl":{"start":{"line":1,"column":14409},"end":{"line":10,"column":12077}},"loc":{"start":{"line":1,"column":14409},"end":{"line":10,"column":12077}},"line":1}},"f":{"0":0}}
,"/home/user/Chat2DB/mp-app/studio/dist/assets/tokens-BR8iTfOk.js": {"path":"/home/user/Chat2DB/mp-app/studio/dist/assets/tokens-BR8iTfOk.js","all":true,"statementMap":{"0":{"start":{"line":1,"column":0},"end":{"line":1,"column":1205}},"1":{"start":{"line":2,"column":0},"end":{"line":2,"column":17}},"2":{"start":{"line":3,"column":0},"end":{"line":3,"column":26}},"3":{"start":{"line":4,"column":0},"end":{"line":4,"column":2}},"4":{"start":{"line":5,"column":0},"end":{"line":5,"column":51}},"5":{"start":{"line":6,"column":0},"end":{"line":6,"column":2}},"6":{"start":{"line":7,"column":0},"end":{"line":7,"column":66}},"7":{"start":{"line":8,"column":0},"end":{"line":8,"column":58}},"8":{"start":{"line":9,"column":0},"end":{"line":9,"column":6783}},"9":{"start":{"line":10,"column":0},"end":{"line":10,"column":17}},"10":{"start":{"line":11,"column":0},"end":{"line":11,"column":38}},"11":{"start":{"line":12,"column":0},"end":{"line":12,"column":2}},"12":{"start":{"line":13,"column":0},"end":{"line":13,"column":51}},"13":{"start":{"line":14,"column":0},"end":{"line":14,"column":2}},"14":{"start":{"line":15,"column":0},"end":{"line":15,"column":66}},"15":{"start":{"line":16,"column":0},"end":{"line":16,"column":58}},"16":{"start":{"line":17,"column":0},"end":{"line":17,"column":818}},"17":{"start":{"line":18,"column":0},"end":{"line":18,"column":17}},"18":{"start":{"line":19,"column":0},"end":{"line":19,"column":30}},"19":{"start":{"line":20,"column":0},"end":{"line":20,"column":2}},"20":{"start":{"line":21,"column":0},"end":{"line":21,"column":51}},"21":{"start":{"line":22,"column":0},"end":{"line":22,"column":2}},"22":{"start":{"line":23,"column":0},"end":{"line":23,"column":66}},"23":{"start":{"line":24,"column":0},"end":{"line":24,"column":58}},"24":{"start":{"line":25,"column":0},"end":{"line":25,"column":3996}},"25":{"start":{"line":26,"column":0},"end":{"line":26,"column":17}},"26":{"start":{"line":27,"column":0},"end":{"line":27,"column":30}},"27":{"start":{"line":28,"column":0},"end":{"line":28,"column":2}},"28":{"start":{"line":29,"column":0},"end":{"line":29,"column":51}},"29":{"start":{"line":30,"column":0},"end":{"line":30,"column":2}},"30":{"start":{"line":31,"column":0},"end":{"line":31,"column":66}},"31":{"start":{"line":32,"column":0},"end":{"line":32,"column":58}},"32":{"start":{"line":33,"column":0},"end":{"line":33,"column":6065}},"33":{"start":{"line":34,"column":0},"end":{"line":34,"column":511}},"34":{"start":{"line":35,"column":0},"end":{"line":35,"column":20}},"35":{"start":{"line":36,"column":0},"end":{"line":36,"column":153}},"36":{"start":{"line":37,"column":0},"end":{"line":37,"column":37618}},"37":{"start":{"line":38,"column":0},"end":{"line":38,"column":28207}},"38":{"start":{"line":39,"column":0},"end":{"line":39,"column":37}},"39":{"start":{"line":40,"column":0},"end":{"line":40,"column":204060}},"40":{"start":{"line":41,"column":0},"end":{"line":41,"column":5291}},"41":{"start":{"line":42,"column":0},"end":{"line":42,"column":3372}},"42":{"start":{"line":43,"column":0},"end":{"line":43,"column":3477}},"43":{"start":{"line":44,"column":0},"end":{"line":44,"column":62}},"44":{"start":{"line":45,"column":0},"end":{"line":45,"column":57}},"45":{"start":{"line":46,"column":0},"end":{"line":46,"column":3719}},"46":{"start":{"line":47,"column":0},"end":{"line":47,"column":18236}}},"s":{"0":0,"1":0,"2":0,"3":0,"4":0,"5":0,"6":0,"7":0,"8":0,"9":0,"10":0,"11":0,"12":0,"13":0,"14":0,"15":0,"16":0,"17":0,"18":0,"19":0,"20":0,"21":0,"22":0,"23":0,"24":0,"25":0,"26":0,"27":0,"28":0,"29":0,"30":0,"31":0,"32":0,"33":0,"34":0,"35":0,"36":0,"37":0,"38":0,"39":0,"40":0,"41":0,"42":0,"43":0,"44":0,"45":0,"46":0},"branchMap":{"0":{"type":"branch","line":1,"loc":{"start":{"line":1,"column":324641},"end":{"line":47,"column":18236}},"locations":[{"start":{"line":1,"column":324641},"end":{"line":47,"column":18236}}]}},"b":{"0":[0]},"fnMap":{"0":{"name":"(empty-report)","decl":{"start":{"line":1,"column":324641},"end":{"line":47,"column":18236}},"loc":{"start":{"line":1,"column":324641},"end":{"line":47,"column":18236}},"line":1}},"f":{"0":0}}
,"/home/user/Chat2DB/mp-app/studio/dist/assets/useMembers-BarCC1wW.js": {"path":"/home/user/Chat2DB/mp-app/studio/dist/assets/useMembers-BarCC1wW.js","all":true,"statementMap":{"0":{"start":{"line":1,"column":0},"end":{"line":1,"column":341}}},"s":{"0":0},"branchMap":{"0":{"type":"branch","line":1,"loc":{"start":{"line":1,"column":341},"end":{"line":1,"column":341}},"locations":[{"start":{"line":1,"column":341},"end":{"line":1,"column":341}}]}},"b":{"0":[0]},"fnMap":{"0":{"name":"(empty-report)","decl":{"start":{"line":1,"column":341},"end":{"line":1,"column":341}},"loc":{"start":{"line":1,"column":341},"end":{"line":1,"column":341}},"line":1}},"f":{"0":0}}
,"/home/user/Chat2DB/mp-app/studio/src/App.tsx": {"path":"/home/user/Chat2DB/mp-app/studio/src/App.tsx","all":true,"statementMap":{"0":{"start":{"line":1,"column":0},"end":{"line":1,"column":74}},"1":{"start":{"line":2,"column":0},"end":{"line":2,"column":69}},"3":{"start":{"line":4,"column":0},"end":{"line":4,"column":50}},"4":{"start":{"line":5,"column":0},"end":{"line":5,"column":41}},"5":{"start":{"line":6,"column":0},"end":{"line":6,"column":53}},"6":{"start":{"line":7,"column":0},"end":{"line":7,"column":53}},"7":{"start":{"line":8,"column":0},"end":{"line":8,"column":57}},"8":{"start":{"line":9,"column":0},"end":{"line":9,"column":49}},"9":{"start":{"line":10,"column":0},"end":{"line":10,"column":62}},"10":{"start":{"line":11,"column":0},"end":{"line":11,"column":50}},"11":{"start":{"line":12,"column":0},"end":{"line":12,"column":42}},"12":{"start":{"line":13,"column":0},"end":{"line":13,"column":38}},"16":{"start":{"line":17,"column":0},"end":{"line":17,"column":66}},"17":{"start":{"line":18,"column":0},"end":{"line":18,"column":60}},"18":{"start":{"line":19,"column":0},"end":{"line":19,"column":56}},"19":{"start":{"line":20,"column":0},"end":{"line":20,"column":50}},"20":{"start":{"line":21,"column":0},"end":{"line":21,"column":48}},"32":{"start":{"line":33,"column":0},"end":{"line":33,"column":32}},"33":{"start":{"line":34,"column":0},"end":{"line":34,"column":97}},"34":{"start":{"line":35,"column":0},"end":{"line":35,"column":66}},"35":{"start":{"line":36,"column":0},"end":{"line":36,"column":71}},"36":{"start":{"line":37,"column":0},"end":{"line":37,"column":3}},"37":{"start":{"line":38,"column":0},"end":{"line":38,"column":22}},"38":{"start":{"line":39,"column":0},"end":{"line":39,"column":22}},"39":{"start":{"line":40,"column":0},"end":{"line":40,"column":21}},"40":{"start":{"line":41,"column":0},"end":{"line":41,"column":21}},"41":{"start":{"line":42,"column":0},"end":{"line":42,"column":24}},"42":{"start":{"line":43,"column":0},"end":{"line":43,"column":4}},"43":{"start":{"line":44,"column":0},"end":{"line":44,"column":94}},"44":{"start":{"line":45,"column":0},"end":{"line":45,"column":95}},"45":{"start":{"line":46,"column":0},"end":{"line":46,"column":89}},"46":{"start":{"line":47,"column":0},"end":{"line":47,"column":81}},"47":{"start":{"line":48,"column":0},"end":{"line":48,"column":11}},"49":{"start":{"line":50,"column":0},"end":{"line":50,"column":41}},"50":{"start":{"line":51,"column":0},"end":{"line":51,"column":28}},"51":{"start":{"line":52,"column":0},"end":{"line":52,"column":51}},"52":{"start":{"line":53,"column":0},"end":{"line":53,"column":54}},"53":{"start":{"line":54,"column":0},"end":{"line":54,"column":65}},"54":{"start":{"line":55,"column":0},"end":{"line":55,"column":42}},"55":{"start":{"line":56,"column":0},"end":{"line":56,"column":49}},"56":{"start":{"line":57,"column":0},"end":{"line":57,"column":2}},"58":{"start":{"line":59,"column":0},"end":{"line":59,"column":27}},"59":{"start":{"line":60,"column":0},"end":{"line":60,"column":20}},"60":{"start":{"line":61,"column":0},"end":{"line":61,"column":30}},"61":{"start":{"line":62,"column":0},"end":{"line":62,"column":18}},"62":{"start":{"line":63,"column":0},"end":{"line":63,"column":26}},"63":{"start":{"line":64,"column":0},"end":{"line":64,"column":26}},"64":{"start":{"line":65,"column":0},"end":{"line":65,"column":2}},"65":{"start":{"line":66,"column":0},"end":{"line":66,"column":31}},"66":{"start":{"line":67,"column":0},"end":{"line":67,"column":18}},"67":{"start":{"line":68,"column":0},"end":{"line":68,"column":23}},"68":{"start":{"line":69,"column":0},"end":{"line":69,"column":34}},"69":{"start":{"line":70,"column":0},"end":{"line":70,"column":25}},"70":{"start":{"line":71,"column":0},"end":{"line":71,"column":19}},"71":{"start":{"line":72,"column":0},"end":{"line":72,"column":2}},"72":{"start":{"line":73,"column":0},"end":{"line":73,"column":93}},"73":{"start":{"line":74,"column":0},"end":{"line":74,"column":32}},"74":{"start":{"line":75,"column":0},"end":{"line":75,"column":18}},"75":{"start":{"line":76,"column":0},"end":{"line":76,"column":63}},"76":{"start":{"line":77,"column":0},"end":{"line":77,"column":25}},"77":{"start":{"line":78,"column":0},"end":{"line":78,"column":2}},"80":{"start":{"line":81,"column":0},"end":{"line":81,"column":22}},"81":{"start":{"line":82,"column":0},"end":{"line":82,"column":8}},"82":{"start":{"line":83,"column":0},"end":{"line":83,"column":9}},"83":{"start":{"line":84,"column":0},"end":{"line":84,"column":11}},"84":{"start":{"line":85,"column":0},"end":{"line":85,"column":4}},"88":{"start":{"line":89,"column":0},"end":{"line":89,"column":4}},"89":{"start":{"line":90,"column":0},"end":{"line":90,"column":10}},"90":{"start":{"line":91,"column":0},"end":{"line":91,"column":27}},"91":{"start":{"line":92,"column":0},"end":{"line":92,"column":23}},"92":{"start":{"line":93,"column":0},"end":{"line":93,"column":30}},"93":{"start":{"line":94,"column":0},"end":{"line":94,"column":57}},"95":{"start":{"line":96,"column":0},"end":{"line":96,"column":25}},"97":{"start":{"line":98,"column":0},"end":{"line":98,"column":13}},"98":{"start":{"line":99,"column":0},"end":{"line":99,"column":39}},"99":{"start":{"line":100,"column":0},"end":{"line":100,"column":89}},"100":{"start":{"line":101,"column":0},"end":{"line":101,"column":15}},"101":{"start":{"line":102,"column":0},"end":{"line":102,"column":83}},"102":{"start":{"line":103,"column":0},"end":{"line":103,"column":29}},"103":{"start":{"line":104,"column":0},"end":{"line":104,"column":14}},"104":{"start":{"line":105,"column":0},"end":{"line":105,"column":14}},"105":{"start":{"line":106,"column":0},"end":{"line":106,"column":12}},"106":{"start":{"line":107,"column":0},"end":{"line":107,"column":23}},"107":{"start":{"line":108,"column":0},"end":{"line":108,"column":22}},"108":{"start":{"line":109,"column":0},"end":{"line":109,"column":57}},"110":{"start":{"line":111,"column":0},"end":{"line":111,"column":23}},"111":{"start":{"line":112,"column":0},"end":{"line":112,"column":12}},"112":{"start":{"line":113,"column":0},"end":{"line":113,"column":13}},"114":{"start":{"line":115,"column":0},"end":{"line":115,"column":1}},"117":{"start":{"line":118,"column":0},"end":{"line":118,"column":85}},"118":{"start":{"line":119,"column":0},"end":{"line":119,"column":28}},"119":{"start":{"line":120,"column":0},"end":{"line":120,"column":10}},"120":{"start":{"line":121,"column":0},"end":{"line":121,"column":77}},"121":{"start":{"line":122,"column":0},"end":{"line":122,"column":10}},"122":{"start":{"line":123,"column":0},"end":{"line":123,"column":59}},"123":{"start":{"line":124,"column":0},"end":{"line":124,"column":58}},"125":{"start":{"line":126,"column":0},"end":{"line":126,"column":73}},"126":{"start":{"line":127,"column":0},"end":{"line":127,"column":46}},"127":{"start":{"line":128,"column":0},"end":{"line":128,"column":21}},"128":{"start":{"line":129,"column":0},"end":{"line":129,"column":22}},"129":{"start":{"line":130,"column":0},"end":{"line":130,"column":24}},"130":{"start":{"line":131,"column":0},"end":{"line":131,"column":12}},"131":{"start":{"line":132,"column":0},"end":{"line":132,"column":12}},"132":{"start":{"line":133,"column":0},"end":{"line":133,"column":17}},"134":{"start":{"line":135,"column":0},"end":{"line":135,"column":1}},"137":{"start":{"line":138,"column":0},"end":{"line":138,"column":67}},"138":{"start":{"line":139,"column":0},"end":{"line":139,"column":56}},"139":{"start":{"line":140,"column":0},"end":{"line":140,"column":10}},"140":{"start":{"line":141,"column":0},"end":{"line":141,"column":94}},"141":{"start":{"line":142,"column":0},"end":{"line":142,"column":28}},"142":{"start":{"line":143,"column":0},"end":{"line":143,"column":51}},"143":{"start":{"line":144,"column":0},"end":{"line":144,"column":54}},"144":{"start":{"line":145,"column":0},"end":{"line":145,"column":21}},"145":{"start":{"line":146,"column":0},"end":{"line":146,"column":9}},"146":{"start":{"line":147,"column":0},"end":{"line":147,"column":21}},"148":{"start":{"line":149,"column":0},"end":{"line":149,"column":1}},"151":{"start":{"line":152,"column":0},"end":{"line":152,"column":50}},"152":{"start":{"line":153,"column":0},"end":{"line":153,"column":18}},"153":{"start":{"line":154,"column":0},"end":{"line":154,"column":22}},"154":{"start":{"line":155,"column":0},"end":{"line":155,"column":28}},"155":{"start":{"line":156,"column":0},"end":{"line":156,"column":20}},"156":{"start":{"line":157,"column":0},"end":{"line":157,"column":26}},"157":{"start":{"line":158,"column":0},"end":{"line":158,"column":17}},"158":{"start":{"line":159,"column":0},"end":{"line":159,"column":23}},"159":{"start":{"line":160,"column":0},"end":{"line":160,"column":16}},"160":{"start":{"line":161,"column":0},"end":{"line":161,"column":22}},"161":{"start":{"line":162,"column":0},"end":{"line":162,"column":12}},"162":{"start":{"line":163,"column":0},"end":{"line":163,"column":31}},"163":{"start":{"line":164,"column":0},"end":{"line":164,"column":3}},"164":{"start":{"line":165,"column":0},"end":{"line":165,"column":1}},"166":{"start":{"line":167,"column":0},"end":{"line":167,"column":18}},"167":{"start":{"line":168,"column":0},"end":{"line":168,"column":37}},"168":{"start":{"line":169,"column":0},"end":{"line":169,"column":52}},"169":{"start":{"line":170,"column":0},"end":{"line":170,"column":52}},"171":{"start":{"line":172,"column":0},"end":{"line":172,"column":90}},"172":{"start":{"line":173,"column":0},"end":{"line":173,"column":48}},"174":{"start":{"line":175,"column":0},"end":{"line":175,"column":10}},"175":{"start":{"line":176,"column":0},"end":{"line":176,"column":33}},"176":{"start":{"line":177,"column":0},"end":{"line":177,"column":18}},"177":{"start":{"line":178,"column":0},"end":{"line":178,"column":19}},"178":{"start":{"line":179,"column":0},"end":{"line":179,"column":44}},"179":{"start":{"line":180,"column":0},"end":{"line":180,"column":24}},"180":{"start":{"line":181,"column":0},"end":{"line":181,"column":25}},"181":{"start":{"line":182,"column":0},"end":{"line":182,"column":19}},"182":{"start":{"line":183,"column":0},"end":{"line":183,"column":38}},"183":{"start":{"line":184,"column":0},"end":{"line":184,"column":20}},"185":{"start":{"line":186,"column":0},"end":{"line":186,"column":87}},"186":{"start":{"line":187,"column":0},"end":{"line":187,"column":29}},"187":{"start":{"line":188,"column":0},"end":{"line":188,"column":44}},"189":{"start":{"line":190,"column":0},"end":{"line":190,"column":81}},"190":{"start":{"line":191,"column":0},"end":{"line":191,"column":40}},"191":{"start":{"line":192,"column":0},"end":{"line":192,"column":21}},"193":{"start":{"line":194,"column":0},"end":{"line":194,"column":20}},"194":{"start":{"line":195,"column":0},"end":{"line":195,"column":22}},"196":{"start":{"line":197,"column":0},"end":{"line":197,"column":1}},"198":{"start":{"line":199,"column":0},"end":{"line":199,"column":23}},"199":{"start":{"line":200,"column":0},"end":{"line":200,"column":10}},"200":{"start":{"line":201,"column":0},"end":{"line":201,"column":18}},"201":{"start":{"line":202,"column":0},"end":{"line":202,"column":15}},"202":{"start":{"line":203,"column":0},"end":{"line":203,"column":19}},"204":{"start":{"line":205,"column":0},"end":{"line":205,"column":1}},"206":{"start":{"line":207,"column":0},"end":{"line":207,"column":19}}},"s":{"0":0,"1":0,"3":0,"4":0,"5":0,"6":0,"7":0,"8":0,"9":0,"10":0,"11":0,"12":0,"16":0,"17":0,"18":0,"19":0,"20":0,"32":0,"33":0,"34":0,"35":0,"36":0,"37":0,"38":0,"39":0,"40":0,"41":0,"42":0,"43":0,"44":0,"45":0,"46":0,"47":0,"49":0,"50":0,"51":0,"52":0,"53":0,"54":0,"55":0,"56":0,"58":0,"59":0,"60":0,"61":0,"62":0,"63":0,"64":0,"65":0,"66":0,"67":0,"68":0,"69":0,"70":0,"71":0,"72":0,"73":0,"74":0,"75":0,"76":0,"77":0,"80":0,"81":0,"82":0,"83":0,"84":0,"88":0,"89":0,"90":0,"91":0,"92":0,"93":0,"95":0,"97":0,"98":0,"99":0,"100":0,"101":0,"102":0,"103":0,"104":0,"105":0,"106":0,"107":0,"108":0,"110":0,"111":0,"112":0,"114":0,"117":0,"118":0,"119":0,"120":0,"121":0,"122":0,"123":0,"125":0,"126":0,"127":0,"128":0,"129":0,"130":0,"131":0,"132":0,"134":0,"137":0,"138":0,"139":0,"140":0,"141":0,"142":0,"143":0,"144":0,"145":0,"146":0,"148":0,"151":0,"152":0,"153":0,"154":0,"155":0,"156":0,"157":0,"158":0,"159":0,"160":0,"161":0,"162":0,"163":0,"164":0,"166":0,"167":0,"168":0,"169":0,"171":0,"172":0,"174":0,"175":0,"176":0,"177":0,"178":0,"179":0,"180":0,"181":0,"182":0,"183":0,"185":0,"186":0,"187":0,"189":0,"190":0,"191":0,"193":0,"194":0,"196":0,"198":0,"199":0,"200":0,"201":0,"202":0,"204":0,"206":0},"branchMap":{"0":{"type":"branch","line":1,"loc":{"start":{"line":1,"column":6443},"end":{"line":207,"column":19}},"locations":[{"start":{"line":1,"column":6443},"end":{"line":207,"column":19}}]}},"b":{"0":[0]},"fnMap":{"0":{"name":"(empty-report)","decl":{"start":{"line":1,"column":6443},"end":{"line":207,"column":19}},"loc":{"start":{"line":1,"column":6443},"end":{"line":207,"column":19}},"line":1}},"f":{"0":0}}
,"/home/user/Chat2DB/mp-app/studio/src/ClientApp.tsx": {"path":"/home/user/Chat2DB/mp-app/studio/src/ClientApp.tsx","all":false,"statementMap":{"0":{"start":{"line":1,"column":0},"end":{"line":1,"column":50}},"1":{"start":{"line":2,"column":0},"end":{"line":2,"column":41}},"2":{"start":{"line":3,"column":0},"end":{"line":3,"column":50}},"3":{"start":{"line":4,"column":0},"end":{"line":4,"column":38}},"11":{"start":{"line":12,"column":0},"end":{"line":12,"column":23}},"12":{"start":{"line":13,"column":0},"end":{"line":13,"column":29}},"13":{"start":{"line":14,"column":0},"end":{"line":14,"column":78}},"14":{"start":{"line":15,"column":0},"end":{"line":15,"column":1}},"16":{"start":{"line":17,"column":0},"end":{"line":17,"column":29}},"17":{"start":{"line":18,"column":0},"end":{"line":18,"column":10}},"18":{"start":{"line":19,"column":0},"end":{"line":19,"column":18}},"19":{"start":{"line":20,"column":0},"end":{"line":20,"column":20}},"20":{"start":{"line":21,"column":0},"end":{"line":21,"column":19}},"22":{"start":{"line":23,"column":0},"end":{"line":23,"column":1}},"24":{"start":{"line":25,"column":0},"end":{"line":25,"column":25}}},"s":{"0":1,"1":1,"2":1,"3":1,"11":1,"12":1,"13":1,"14":1,"16":1,"17":1,"18":1,"19":1,"20":1,"22":1,"24":1},"branchMap":{"0":{"type":"branch","line":12,"loc":{"start":{"line":12,"column":0},"end":{"line":15,"column":1}},"locations":[{"start":{"line":12,"column":0},"end":{"line":15,"column":1}}]},"1":{"type":"branch","line":14,"loc":{"start":{"line":14,"column":18},"end":{"line":14,"column":47}},"locations":[{"start":{"line":14,"column":18},"end":{"line":14,"column":47}}]},"2":{"type":"branch","line":17,"loc":{"start":{"line":17,"column":7},"end":{"line":23,"column":1}},"locations":[{"start":{"line":17,"column":7},"end":{"line":23,"column":1}}]}},"b":{"0":[1],"1":[0],"2":[1]},"fnMap":{"0":{"name":"ClientGate","decl":{"start":{"line":12,"column":0},"end":{"line":15,"column":1}},"loc":{"start":{"line":12,"column":0},"end":{"line":15,"column":1}},"line":12},"1":{"name":"ClientApp","decl":{"start":{"line":17,"column":7},"end":{"line":23,"column":1}},"loc":{"start":{"line":17,"column":7},"end":{"line":23,"column":1}},"line":17}},"f":{"0":1,"1":1}}
,"/home/user/Chat2DB/mp-app/studio/src/sw-register.ts": {"path":"/home/user/Chat2DB/mp-app/studio/src/sw-register.ts","all":false,"statementMap":{"8":{"start":{"line":9,"column":0},"end":{"line":9,"column":34}},"11":{"start":{"line":12,"column":0},"end":{"line":12,"column":53}},"12":{"start":{"line":13,"column":0},"end":{"line":13,"column":17}},"13":{"start":{"line":14,"column":0},"end":{"line":14,"column":1}},"15":{"start":{"line":16,"column":0},"end":{"line":16,"column":47}},"18":{"start":{"line":19,"column":0},"end":{"line":19,"column":33}},"19":{"start":{"line":20,"column":0},"end":{"line":20,"column":59}},"20":{"start":{"line":21,"column":0},"end":{"line":21,"column":11}},"21":{"start":{"line":22,"column":0},"end":{"line":22,"column":3}},"22":{"start":{"line":23,"column":0},"end":{"line":23,"column":77}},"24":{"start":{"line":25,"column":0},"end":{"line":25,"column":41}},"25":{"start":{"line":26,"column":0},"end":{"line":26,"column":75}},"26":{"start":{"line":27,"column":0},"end":{"line":27,"column":71}},"27":{"start":{"line":28,"column":0},"end":{"line":28,"column":80}},"28":{"start":{"line":29,"column":0},"end":{"line":29,"column":7}},"29":{"start":{"line":30,"column":0},"end":{"line":30,"column":5}},"30":{"start":{"line":31,"column":0},"end":{"line":31,"column":1}}},"s":{"8":1,"11":1,"12":2,"13":2,"15":1,"18":3,"19":1,"20":1,"21":1,"22":2,"24":1,"25":1,"26":1,"27":1,"28":1,"29":1,"30":1},"branchMap":{"0":{"type":"branch","line":12,"loc":{"start":{"line":12,"column":7},"end":{"line":14,"column":1}},"locations":[{"start":{"line":12,"column":7},"end":{"line":14,"column":1}}]},"1":{"type":"branch","line":16,"loc":{"start":{"line":16,"column":7},"end":{"line":31,"column":1}},"locations":[{"start":{"line":16,"column":7},"end":{"line":31,"column":1}}]},"2":{"type":"branch","line":19,"loc":{"start":{"line":19,"column":32},"end":{"line":22,"column":3}},"locations":[{"start":{"line":19,"column":32},"end":{"line":22,"column":3}}]},"3":{"type":"branch","line":22,"loc":{"start":{"line":22,"column":2},"end":{"line":23,"column":77}},"locations":[{"start":{"line":22,"column":2},"end":{"line":23,"column":77}}]},"4":{"type":"branch","line":23,"loc":{"start":{"line":23,"column":44},"end":{"line":31,"column":1}},"locations":[{"start":{"line":23,"column":44},"end":{"line":31,"column":1}}]},"5":{"type":"branch","line":25,"loc":{"start":{"line":25,"column":34},"end":{"line":30,"column":3}},"locations":[{"start":{"line":25,"column":34},"end":{"line":30,"column":3}}]},"6":{"type":"branch","line":26,"loc":{"start":{"line":26,"column":54},"end":{"line":29,"column":5}},"locations":[{"start":{"line":26,"column":54},"end":{"line":29,"column":5}}]},"7":{"type":"branch","line":27,"loc":{"start":{"line":27,"column":47},"end":{"line":27,"column":71}},"locations":[{"start":{"line":27,"column":47},"end":{"line":27,"column":71}}]}},"b":{"0":[2],"1":[3],"2":[1],"3":[2],"4":[1],"5":[1],"6":[1],"7":[0]},"fnMap":{"0":{"name":"serviceWorkerError","decl":{"start":{"line":12,"column":7},"end":{"line":14,"column":1}},"loc":{"start":{"line":12,"column":7},"end":{"line":14,"column":1}},"line":12},"1":{"name":"registerServiceWorker","decl":{"start":{"line":16,"column":7},"end":{"line":31,"column":1}},"loc":{"start":{"line":16,"column":7},"end":{"line":31,"column":1}},"line":16}},"f":{"0":2,"1":3}}
,"/home/user/Chat2DB/mp-app/studio/src/api/client.ts": {"path":"/home/user/Chat2DB/mp-app/studio/src/api/client.ts","all":false,"statementMap":{"8":{"start":{"line":9,"column":0},"end":{"line":9,"column":24}},"42":{"start":{"line":43,"column":0},"end":{"line":43,"column":37}},"43":{"start":{"line":44,"column":0},"end":{"line":44,"column":14}},"44":{"start":{"line":45,"column":0},"end":{"line":45,"column":35}},"45":{"start":{"line":46,"column":0},"end":{"line":46,"column":35}},"46":{"start":{"line":47,"column":0},"end":{"line":47,"column":5}},"47":{"start":{"line":48,"column":0},"end":{"line":48,"column":38}},"48":{"start":{"line":49,"column":0},"end":{"line":49,"column":27}},"49":{"start":{"line":50,"column":0},"end":{"line":50,"column":3}},"50":{"start":{"line":51,"column":0},"end":{"line":51,"column":1}},"52":{"start":{"line":53,"column":0},"end":{"line":53,"column":29}},"54":{"start":{"line":55,"column":0},"end":{"line":55,"column":27}},"55":{"start":{"line":56,"column":0},"end":{"line":56,"column":24}},"56":{"start":{"line":57,"column":0},"end":{"line":57,"column":9}},"57":{"start":{"line":58,"column":0},"end":{"line":58,"column":47}},"58":{"start":{"line":59,"column":0},"end":{"line":59,"column":13}},"59":{"start":{"line":60,"column":0},"end":{"line":60,"column":18}},"60":{"start":{"line":61,"column":0},"end":{"line":61,"column":5}},"61":{"start":{"line":62,"column":0},"end":{"line":62,"column":4}},"62":{"start":{"line":63,"column":0},"end":{"line":63,"column":28}},"63":{"start":{"line":64,"column":0},"end":{"line":64,"column":9}},"64":{"start":{"line":65,"column":0},"end":{"line":65,"column":47}},"65":{"start":{"line":66,"column":0},"end":{"line":66,"column":13}},"67":{"start":{"line":68,"column":0},"end":{"line":68,"column":5}},"68":{"start":{"line":69,"column":0},"end":{"line":69,"column":4}},"69":{"start":{"line":70,"column":0},"end":{"line":70,"column":17}},"70":{"start":{"line":71,"column":0},"end":{"line":71,"column":9}},"71":{"start":{"line":72,"column":0},"end":{"line":72,"column":43}},"72":{"start":{"line":73,"column":0},"end":{"line":73,"column":13}},"74":{"start":{"line":75,"column":0},"end":{"line":75,"column":5}},"75":{"start":{"line":76,"column":0},"end":{"line":76,"column":4}},"76":{"start":{"line":77,"column":0},"end":{"line":77,"column":11}},"78":{"start":{"line":79,"column":0},"end":{"line":79,"column":77}},"79":{"start":{"line":80,"column":0},"end":{"line":80,"column":33}},"80":{"start":{"line":81,"column":0},"end":{"line":81,"column":33}},"81":{"start":{"line":82,"column":0},"end":{"line":82,"column":12}},"82":{"start":{"line":83,"column":0},"end":{"line":83,"column":14}},"83":{"start":{"line":84,"column":0},"end":{"line":84,"column":41}},"84":{"start":{"line":85,"column":0},"end":{"line":85,"column":61}},"85":{"start":{"line":86,"column":0},"end":{"line":86,"column":30}},"86":{"start":{"line":87,"column":0},"end":{"line":87,"column":6}},"87":{"start":{"line":88,"column":0},"end":{"line":88,"column":5}},"89":{"start":{"line":90,"column":0},"end":{"line":90,"column":16}},"90":{"start":{"line":91,"column":0},"end":{"line":91,"column":32}},"91":{"start":{"line":92,"column":0},"end":{"line":92,"column":9}},"92":{"start":{"line":93,"column":0},"end":{"line":93,"column":61}},"93":{"start":{"line":94,"column":0},"end":{"line":94,"column":37}},"94":{"start":{"line":95,"column":0},"end":{"line":95,"column":13}},"96":{"start":{"line":97,"column":0},"end":{"line":97,"column":5}},"97":{"start":{"line":98,"column":0},"end":{"line":98,"column":43}},"98":{"start":{"line":99,"column":0},"end":{"line":99,"column":3}},"99":{"start":{"line":100,"column":0},"end":{"line":100,"column":48}},"100":{"start":{"line":101,"column":0},"end":{"line":101,"column":33}},"101":{"start":{"line":102,"column":0},"end":{"line":102,"column":1}},"103":{"start":{"line":104,"column":0},"end":{"line":104,"column":20}},"104":{"start":{"line":105,"column":0},"end":{"line":105,"column":47}},"105":{"start":{"line":106,"column":0},"end":{"line":106,"column":43}},"106":{"start":{"line":107,"column":0},"end":{"line":107,"column":48}},"107":{"start":{"line":108,"column":0},"end":{"line":108,"column":21}},"108":{"start":{"line":109,"column":0},"end":{"line":109,"column":46}},"109":{"start":{"line":110,"column":0},"end":{"line":110,"column":7}},"110":{"start":{"line":111,"column":0},"end":{"line":111,"column":55}},"111":{"start":{"line":112,"column":0},"end":{"line":112,"column":55}},"112":{"start":{"line":113,"column":0},"end":{"line":113,"column":21}},"113":{"start":{"line":114,"column":0},"end":{"line":114,"column":69}},"114":{"start":{"line":115,"column":0},"end":{"line":115,"column":7}},"115":{"start":{"line":116,"column":0},"end":{"line":116,"column":55}},"116":{"start":{"line":117,"column":0},"end":{"line":117,"column":82}},"117":{"start":{"line":118,"column":0},"end":{"line":118,"column":76}},"118":{"start":{"line":119,"column":0},"end":{"line":119,"column":81}},"119":{"start":{"line":120,"column":0},"end":{"line":120,"column":72}},"120":{"start":{"line":121,"column":0},"end":{"line":121,"column":79}},"121":{"start":{"line":122,"column":0},"end":{"line":122,"column":76}},"122":{"start":{"line":123,"column":0},"end":{"line":123,"column":76}},"123":{"start":{"line":124,"column":0},"end":{"line":124,"column":41}},"124":{"start":{"line":125,"column":0},"end":{"line":125,"column":55}},"125":{"start":{"line":126,"column":0},"end":{"line":126,"column":21}},"126":{"start":{"line":127,"column":0},"end":{"line":127,"column":33}},"127":{"start":{"line":128,"column":0},"end":{"line":128,"column":7}},"128":{"start":{"line":129,"column":0},"end":{"line":129,"column":58}},"129":{"start":{"line":130,"column":0},"end":{"line":130,"column":40}},"130":{"start":{"line":131,"column":0},"end":{"line":131,"column":69}},"131":{"start":{"line":132,"column":0},"end":{"line":132,"column":19}},"132":{"start":{"line":133,"column":0},"end":{"line":133,"column":21}},"133":{"start":{"line":134,"column":0},"end":{"line":134,"column":11}},"141":{"start":{"line":142,"column":0},"end":{"line":142,"column":68}},"142":{"start":{"line":143,"column":0},"end":{"line":143,"column":21}},"143":{"start":{"line":144,"column":0},"end":{"line":144,"column":33}},"144":{"start":{"line":145,"column":0},"end":{"line":145,"column":7}},"145":{"start":{"line":146,"column":0},"end":{"line":146,"column":100}},"146":{"start":{"line":147,"column":0},"end":{"line":147,"column":58}},"147":{"start":{"line":148,"column":0},"end":{"line":148,"column":21}},"148":{"start":{"line":149,"column":0},"end":{"line":149,"column":33}},"149":{"start":{"line":150,"column":0},"end":{"line":150,"column":7}},"150":{"start":{"line":151,"column":0},"end":{"line":151,"column":96}},"154":{"start":{"line":155,"column":0},"end":{"line":155,"column":78}},"155":{"start":{"line":156,"column":0},"end":{"line":156,"column":38}},"156":{"start":{"line":157,"column":0},"end":{"line":157,"column":59}},"157":{"start":{"line":158,"column":0},"end":{"line":158,"column":21}},"158":{"start":{"line":159,"column":0},"end":{"line":159,"column":70}},"159":{"start":{"line":160,"column":0},"end":{"line":160,"column":7}},"160":{"start":{"line":161,"column":0},"end":{"line":161,"column":50}},"161":{"start":{"line":162,"column":0},"end":{"line":162,"column":59}},"162":{"start":{"line":163,"column":0},"end":{"line":163,"column":21}},"163":{"start":{"line":164,"column":0},"end":{"line":164,"column":54}},"164":{"start":{"line":165,"column":0},"end":{"line":165,"column":7}},"165":{"start":{"line":166,"column":0},"end":{"line":166,"column":71}},"166":{"start":{"line":167,"column":0},"end":{"line":167,"column":25}},"171":{"start":{"line":172,"column":0},"end":{"line":172,"column":93}},"172":{"start":{"line":173,"column":0},"end":{"line":173,"column":37}},"173":{"start":{"line":174,"column":0},"end":{"line":174,"column":79}},"174":{"start":{"line":175,"column":0},"end":{"line":175,"column":67}},"177":{"start":{"line":178,"column":0},"end":{"line":178,"column":67}},"178":{"start":{"line":179,"column":0},"end":{"line":179,"column":80}},"179":{"start":{"line":180,"column":0},"end":{"line":180,"column":21}},"180":{"start":{"line":181,"column":0},"end":{"line":181,"column":41}},"181":{"start":{"line":182,"column":0},"end":{"line":182,"column":7}},"182":{"start":{"line":183,"column":0},"end":{"line":183,"column":100}},"183":{"start":{"line":184,"column":0},"end":{"line":184,"column":39}},"184":{"start":{"line":185,"column":0},"end":{"line":185,"column":87}},"185":{"start":{"line":186,"column":0},"end":{"line":186,"column":38}},"186":{"start":{"line":187,"column":0},"end":{"line":187,"column":84}},"187":{"start":{"line":188,"column":0},"end":{"line":188,"column":40}},"188":{"start":{"line":189,"column":0},"end":{"line":189,"column":86}},"191":{"start":{"line":192,"column":0},"end":{"line":192,"column":18}},"192":{"start":{"line":193,"column":0},"end":{"line":193,"column":21}},"193":{"start":{"line":194,"column":0},"end":{"line":194,"column":11}},"199":{"start":{"line":200,"column":0},"end":{"line":200,"column":74}},"200":{"start":{"line":201,"column":0},"end":{"line":201,"column":21}},"201":{"start":{"line":202,"column":0},"end":{"line":202,"column":33}},"202":{"start":{"line":203,"column":0},"end":{"line":203,"column":7}},"203":{"start":{"line":204,"column":0},"end":{"line":204,"column":37}},"204":{"start":{"line":205,"column":0},"end":{"line":205,"column":72}},"207":{"start":{"line":208,"column":0},"end":{"line":208,"column":60}},"208":{"start":{"line":209,"column":0},"end":{"line":209,"column":32}},"209":{"start":{"line":210,"column":0},"end":{"line":210,"column":98}},"210":{"start":{"line":211,"column":0},"end":{"line":211,"column":37}},"211":{"start":{"line":212,"column":0},"end":{"line":212,"column":49}},"212":{"start":{"line":213,"column":0},"end":{"line":213,"column":21}},"213":{"start":{"line":214,"column":0},"end":{"line":214,"column":41}},"214":{"start":{"line":215,"column":0},"end":{"line":215,"column":7}},"215":{"start":{"line":216,"column":0},"end":{"line":216,"column":55}},"216":{"start":{"line":217,"column":0},"end":{"line":217,"column":60}},"217":{"start":{"line":218,"column":0},"end":{"line":218,"column":21}},"218":{"start":{"line":219,"column":0},"end":{"line":219,"column":60}},"219":{"start":{"line":220,"column":0},"end":{"line":220,"column":7}},"220":{"start":{"line":221,"column":0},"end":{"line":221,"column":11}}},"s":{"8":1,"42":1,"43":1,"44":8,"45":8,"46":8,"47":8,"48":8,"49":8,"50":1,"52":1,"54":1,"55":1,"56":76,"57":76,"58":76,"59":0,"60":0,"61":76,"62":1,"63":3,"64":3,"65":3,"67":0,"68":3,"69":1,"70":1,"71":1,"72":1,"74":0,"75":1,"76":1,"78":73,"79":73,"80":73,"81":73,"82":73,"83":73,"84":73,"85":73,"86":73,"87":73,"89":73,"90":5,"91":5,"92":5,"93":5,"94":5,"96":0,"97":5,"98":5,"99":73,"100":67,"101":67,"103":1,"104":1,"105":1,"106":0,"107":0,"108":0,"109":0,"110":1,"111":0,"112":0,"113":0,"114":0,"115":1,"116":1,"117":1,"118":1,"119":1,"120":1,"121":1,"122":1,"123":1,"124":0,"125":0,"126":0,"127":0,"128":1,"129":1,"130":4,"131":1,"132":1,"133":1,"141":1,"142":1,"143":1,"144":1,"145":1,"146":0,"147":0,"148":0,"149":0,"150":1,"154":1,"155":1,"156":2,"157":2,"158":2,"159":2,"160":1,"161":0,"162":0,"163":0,"164":0,"165":1,"166":1,"171":1,"172":1,"173":0,"174":1,"177":1,"178":5,"179":5,"180":5,"181":5,"182":1,"183":1,"184":4,"185":1,"186":2,"187":1,"188":0,"191":1,"192":3,"193":3,"199":3,"200":3,"201":3,"202":3,"203":1,"204":0,"207":1,"208":1,"209":2,"210":1,"211":2,"212":2,"213":2,"214":2,"215":1,"216":2,"217":2,"218":2,"219":2,"220":1},"branchMap":{"0":{"type":"branch","line":44,"loc":{"start":{"line":44,"column":2},"end":{"line":50,"column":3}},"locations":[{"start":{"line":44,"column":2},"end":{"line":50,"column":3}}]},"1":{"type":"branch","line":56,"loc":{"start":{"line":56,"column":2},"end":{"line":62,"column":4}},"locations":[{"start":{"line":56,"column":2},"end":{"line":62,"column":4}}]},"2":{"type":"branch","line":59,"loc":{"start":{"line":59,"column":4},"end":{"line":61,"column":5}},"locations":[{"start":{"line":59,"column":4},"end":{"line":61,"column":5}}]},"3":{"type":"branch","line":63,"loc":{"start":{"line":63,"column":2},"end":{"line":69,"column":4}},"locations":[{"start":{"line":63,"column":2},"end":{"line":69,"column":4}}]},"4":{"type":"branch","line":66,"loc":{"start":{"line":66,"column":4},"end":{"line":68,"column":5}},"locations":[{"start":{"line":66,"column":4},"end":{"line":68,"column":5}}]},"5":{"type":"branch","line":70,"loc":{"start":{"line":70,"column":2},"end":{"line":76,"column":4}},"locations":[{"start":{"line":70,"column":2},"end":{"line":76,"column":4}}]},"6":{"type":"branch","line":73,"loc":{"start":{"line":73,"column":4},"end":{"line":75,"column":5}},"locations":[{"start":{"line":73,"column":4},"end":{"line":75,"column":5}}]},"7":{"type":"branch","line":79,"loc":{"start":{"line":79,"column":0},"end":{"line":102,"column":1}},"locations":[{"start":{"line":79,"column":0},"end":{"line":102,"column":1}}]},"8":{"type":"branch","line":85,"loc":{"start":{"line":85,"column":10},"end":{"line":85,"column":57}},"locations":[{"start":{"line":85,"column":10},"end":{"line":85,"column":57}}]},"9":{"type":"branch","line":88,"loc":{"start":{"line":88,"column":3},"end":{"line":90,"column":15}},"locations":[{"start":{"line":88,"column":3},"end":{"line":90,"column":15}}]},"10":{"type":"branch","line":90,"loc":{"start":{"line":90,"column":15},"end":{"line":99,"column":3}},"locations":[{"start":{"line":90,"column":15},"end":{"line":99,"column":3}}]},"11":{"type":"branch","line":94,"loc":{"start":{"line":94,"column":20},"end":{"line":94,"column":37}},"locations":[{"start":{"line":94,"column":20},"end":{"line":94,"column":37}}]},"12":{"type":"branch","line":95,"loc":{"start":{"line":95,"column":4},"end":{"line":97,"column":5}},"locations":[{"start":{"line":95,"column":4},"end":{"line":97,"column":5}}]},"13":{"type":"branch","line":99,"loc":{"start":{"line":99,"column":2},"end":{"line":100,"column":33}},"locations":[{"start":{"line":99,"column":2},"end":{"line":100,"column":33}}]},"14":{"type":"branch","line":100,"loc":{"start":{"line":100,"column":26},"end":{"line":100,"column":48}},"locations":[{"start":{"line":100,"column":26},"end":{"line":100,"column":48}}]},"15":{"type":"branch","line":100,"loc":{"start":{"line":100,"column":33},"end":{"line":102,"column":1}},"locations":[{"start":{"line":100,"column":33},"end":{"line":102,"column":1}}]},"16":{"type":"branch","line":129,"loc":{"start":{"line":129,"column":15},"end":{"line":129,"column":58}},"locations":[{"start":{"line":129,"column":15},"end":{"line":129,"column":58}}]},"17":{"type":"branch","line":130,"loc":{"start":{"line":130,"column":19},"end":{"line":131,"column":69}},"locations":[{"start":{"line":130,"column":19},"end":{"line":131,"column":69}}]},"18":{"type":"branch","line":132,"loc":{"start":{"line":132,"column":18},"end":{"line":145,"column":7}},"locations":[{"start":{"line":132,"column":18},"end":{"line":145,"column":7}}]},"19":{"type":"branch","line":151,"loc":{"start":{"line":151,"column":16},"end":{"line":151,"column":96}},"locations":[{"start":{"line":151,"column":16},"end":{"line":151,"column":96}}]},"20":{"type":"branch","line":156,"loc":{"start":{"line":156,"column":17},"end":{"line":160,"column":7}},"locations":[{"start":{"line":156,"column":17},"end":{"line":160,"column":7}}]},"21":{"type":"branch","line":166,"loc":{"start":{"line":166,"column":16},"end":{"line":166,"column":71}},"locations":[{"start":{"line":166,"column":16},"end":{"line":166,"column":71}}]},"22":{"type":"branch","line":167,"loc":{"start":{"line":167,"column":17},"end":{"line":172,"column":93}},"locations":[{"start":{"line":167,"column":17},"end":{"line":172,"column":93}}]},"23":{"type":"branch","line":178,"loc":{"start":{"line":178,"column":19},"end":{"line":182,"column":7}},"locations":[{"start":{"line":178,"column":19},"end":{"line":182,"column":7}}]},"24":{"type":"branch","line":183,"loc":{"start":{"line":183,"column":16},"end":{"line":183,"column":100}},"locations":[{"start":{"line":183,"column":16},"end":{"line":183,"column":100}}]},"25":{"type":"branch","line":184,"loc":{"start":{"line":184,"column":17},"end":{"line":185,"column":87}},"locations":[{"start":{"line":184,"column":17},"end":{"line":185,"column":87}}]},"26":{"type":"branch","line":186,"loc":{"start":{"line":186,"column":16},"end":{"line":187,"column":84}},"locations":[{"start":{"line":186,"column":16},"end":{"line":187,"column":84}}]},"27":{"type":"branch","line":192,"loc":{"start":{"line":192,"column":17},"end":{"line":203,"column":7}},"locations":[{"start":{"line":192,"column":17},"end":{"line":203,"column":7}}]},"28":{"type":"branch","line":208,"loc":{"start":{"line":208,"column":13},"end":{"line":208,"column":60}},"locations":[{"start":{"line":208,"column":13},"end":{"line":208,"column":60}}]},"29":{"type":"branch","line":209,"loc":{"start":{"line":209,"column":13},"end":{"line":210,"column":98}},"locations":[{"start":{"line":209,"column":13},"end":{"line":210,"column":98}}]},"30":{"type":"branch","line":210,"loc":{"start":{"line":210,"column":44},"end":{"line":210,"column":92}},"locations":[{"start":{"line":210,"column":44},"end":{"line":210,"column":92}}]},"31":{"type":"branch","line":211,"loc":{"start":{"line":211,"column":16},"end":{"line":215,"column":7}},"locations":[{"start":{"line":211,"column":16},"end":{"line":215,"column":7}}]},"32":{"type":"branch","line":216,"loc":{"start":{"line":216,"column":17},"end":{"line":220,"column":7}},"locations":[{"start":{"line":216,"column":17},"end":{"line":220,"column":7}}]}},"b":{"0":[8],"1":[76],"2":[0],"3":[3],"4":[0],"5":[1],"6":[0],"7":[73],"8":[0],"9":[72],"10":[5],"11":[0],"12":[0],"13":[67],"14":[0],"15":[67],"16":[20],"17":[4],"18":[1],"19":[4],"20":[2],"21":[3],"22":[1],"23":[5],"24":[13],"25":[4],"26":[2],"27":[3],"28":[5],"29":[2],"30":[0],"31":[2],"32":[2]},"fnMap":{"0":{"name":"ApiError","decl":{"start":{"line":44,"column":2},"end":{"line":50,"column":3}},"loc":{"start":{"line":44,"column":2},"end":{"line":50,"column":3}},"line":44},"1":{"name":"get","decl":{"start":{"line":56,"column":2},"end":{"line":62,"column":4}},"loc":{"start":{"line":56,"column":2},"end":{"line":62,"column":4}},"line":56},"2":{"name":"set","decl":{"start":{"line":63,"column":2},"end":{"line":69,"column":4}},"loc":{"start":{"line":63,"column":2},"end":{"line":69,"column":4}},"line":63},"3":{"name":"clear","decl":{"start":{"line":70,"column":2},"end":{"line":76,"column":4}},"loc":{"start":{"line":70,"column":2},"end":{"line":76,"column":4}},"line":70},"4":{"name":"request","decl":{"start":{"line":79,"column":0},"end":{"line":102,"column":1}},"loc":{"start":{"line":79,"column":0},"end":{"line":102,"column":1}},"line":79},"5":{"name":"health","decl":{"start":{"line":105,"column":10},"end":{"line":105,"column":47}},"loc":{"start":{"line":105,"column":10},"end":{"line":105,"column":47}},"line":105},"6":{"name":"login","decl":{"start":{"line":106,"column":9},"end":{"line":110,"column":7}},"loc":{"start":{"line":106,"column":9},"end":{"line":110,"column":7}},"line":106},"7":{"name":"memberLogin","decl":{"start":{"line":111,"column":15},"end":{"line":115,"column":7}},"loc":{"start":{"line":111,"column":15},"end":{"line":115,"column":7}},"line":111},"8":{"name":"clientMe","decl":{"start":{"line":116,"column":12},"end":{"line":116,"column":55}},"loc":{"start":{"line":116,"column":12},"end":{"line":116,"column":55}},"line":116},"9":{"name":"clientAssessments","decl":{"start":{"line":117,"column":21},"end":{"line":117,"column":82}},"loc":{"start":{"line":117,"column":21},"end":{"line":117,"column":82}},"line":117},"10":{"name":"clientPrograms","decl":{"start":{"line":118,"column":18},"end":{"line":118,"column":76}},"loc":{"start":{"line":118,"column":18},"end":{"line":118,"column":76}},"line":118},"11":{"name":"clientNutrition","decl":{"start":{"line":119,"column":19},"end":{"line":119,"column":81}},"loc":{"start":{"line":119,"column":19},"end":{"line":119,"column":81}},"line":119},"12":{"name":"clientInjuries","decl":{"start":{"line":120,"column":18},"end":{"line":120,"column":72}},"loc":{"start":{"line":120,"column":18},"end":{"line":120,"column":72}},"line":120},"13":{"name":"clientPayments","decl":{"start":{"line":121,"column":18},"end":{"line":121,"column":79}},"loc":{"start":{"line":121,"column":18},"end":{"line":121,"column":79}},"line":121},"14":{"name":"clientCheckinQr","decl":{"start":{"line":122,"column":19},"end":{"line":122,"column":76}},"loc":{"start":{"line":122,"column":19},"end":{"line":122,"column":76}},"line":122},"15":{"name":"clientWorkouts","decl":{"start":{"line":123,"column":18},"end":{"line":123,"column":76}},"loc":{"start":{"line":123,"column":18},"end":{"line":123,"column":76}},"line":123},"16":{"name":"logWorkout","decl":{"start":{"line":124,"column":14},"end":{"line":128,"column":7}},"loc":{"start":{"line":124,"column":14},"end":{"line":128,"column":7}},"line":124},"17":{"name":"listMembers","decl":{"start":{"line":129,"column":15},"end":{"line":129,"column":58}},"loc":{"start":{"line":129,"column":15},"end":{"line":129,"column":58}},"line":129},"18":{"name":"listAssessments","decl":{"start":{"line":130,"column":19},"end":{"line":131,"column":69}},"loc":{"start":{"line":130,"column":19},"end":{"line":131,"column":69}},"line":130},"19":{"name":"saveAssessment","decl":{"start":{"line":132,"column":18},"end":{"line":145,"column":7}},"loc":{"start":{"line":132,"column":18},"end":{"line":145,"column":7}},"line":132},"20":{"name":"calculate","decl":{"start":{"line":146,"column":13},"end":{"line":150,"column":7}},"loc":{"start":{"line":146,"column":13},"end":{"line":150,"column":7}},"line":146},"21":{"name":"listInjuries","decl":{"start":{"line":151,"column":16},"end":{"line":151,"column":96}},"loc":{"start":{"line":151,"column":16},"end":{"line":151,"column":96}},"line":151},"22":{"name":"attendanceToday","decl":{"start":{"line":155,"column":19},"end":{"line":155,"column":78}},"loc":{"start":{"line":155,"column":19},"end":{"line":155,"column":78}},"line":155},"23":{"name":"checkInManual","decl":{"start":{"line":156,"column":17},"end":{"line":160,"column":7}},"loc":{"start":{"line":156,"column":17},"end":{"line":160,"column":7}},"line":156},"24":{"name":"checkInQr","decl":{"start":{"line":161,"column":13},"end":{"line":165,"column":7}},"loc":{"start":{"line":161,"column":13},"end":{"line":165,"column":7}},"line":161},"25":{"name":"listPackages","decl":{"start":{"line":166,"column":16},"end":{"line":166,"column":71}},"loc":{"start":{"line":166,"column":16},"end":{"line":166,"column":71}},"line":166},"26":{"name":"recordPayment","decl":{"start":{"line":167,"column":17},"end":{"line":172,"column":93}},"loc":{"start":{"line":167,"column":17},"end":{"line":172,"column":93}},"line":167},"27":{"name":"voidPayment","decl":{"start":{"line":173,"column":15},"end":{"line":174,"column":79}},"loc":{"start":{"line":173,"column":15},"end":{"line":174,"column":79}},"line":173},"28":{"name":"dashboard","decl":{"start":{"line":175,"column":13},"end":{"line":175,"column":67}},"loc":{"start":{"line":175,"column":13},"end":{"line":175,"column":67}},"line":175},"29":{"name":"generateProgram","decl":{"start":{"line":178,"column":19},"end":{"line":182,"column":7}},"loc":{"start":{"line":178,"column":19},"end":{"line":182,"column":7}},"line":178},"30":{"name":"listPrograms","decl":{"start":{"line":183,"column":16},"end":{"line":183,"column":100}},"loc":{"start":{"line":183,"column":16},"end":{"line":183,"column":100}},"line":183},"31":{"name":"dryRunProgram","decl":{"start":{"line":184,"column":17},"end":{"line":185,"column":87}},"loc":{"start":{"line":184,"column":17},"end":{"line":185,"column":87}},"line":184},"32":{"name":"applyProgram","decl":{"start":{"line":186,"column":16},"end":{"line":187,"column":84}},"loc":{"start":{"line":186,"column":16},"end":{"line":187,"column":84}},"line":186},"33":{"name":"archiveProgram","decl":{"start":{"line":188,"column":18},"end":{"line":189,"column":86}},"loc":{"start":{"line":188,"column":18},"end":{"line":189,"column":86}},"line":188},"34":{"name":"planNutrition","decl":{"start":{"line":192,"column":17},"end":{"line":203,"column":7}},"loc":{"start":{"line":192,"column":17},"end":{"line":203,"column":7}},"line":192},"35":{"name":"getNutrition","decl":{"start":{"line":204,"column":16},"end":{"line":205,"column":72}},"loc":{"start":{"line":204,"column":16},"end":{"line":205,"column":72}},"line":204},"36":{"name":"aiRuntime","decl":{"start":{"line":208,"column":13},"end":{"line":208,"column":60}},"loc":{"start":{"line":208,"column":13},"end":{"line":208,"column":60}},"line":208},"37":{"name":"syncDelta","decl":{"start":{"line":209,"column":13},"end":{"line":210,"column":98}},"loc":{"start":{"line":209,"column":13},"end":{"line":210,"column":98}},"line":209},"38":{"name":"createBackup","decl":{"start":{"line":211,"column":16},"end":{"line":215,"column":7}},"loc":{"start":{"line":211,"column":16},"end":{"line":215,"column":7}},"line":211},"39":{"name":"restoreBackup","decl":{"start":{"line":216,"column":17},"end":{"line":220,"column":7}},"loc":{"start":{"line":216,"column":17},"end":{"line":220,"column":7}},"line":216}},"f":{"0":8,"1":76,"2":3,"3":1,"4":73,"5":0,"6":0,"7":0,"8":0,"9":0,"10":0,"11":0,"12":0,"13":0,"14":0,"15":0,"16":0,"17":20,"18":4,"19":1,"20":0,"21":4,"22":0,"23":2,"24":0,"25":3,"26":1,"27":0,"28":0,"29":5,"30":13,"31":4,"32":2,"33":0,"34":3,"35":0,"36":5,"37":2,"38":2,"39":2}}
,"/home/user/Chat2DB/mp-app/studio/src/auth/AuthContext.tsx": {"path":"/home/user/Chat2DB/mp-app/studio/src/auth/AuthContext.tsx","all":false,"statementMap":{"0":{"start":{"line":1,"column":0},"end":{"line":1,"column":71}},"2":{"start":{"line":3,"column":0},"end":{"line":3,"column":68}},"3":{"start":{"line":4,"column":0},"end":{"line":4,"column":63}},"7":{"start":{"line":8,"column":0},"end":{"line":8,"column":70}},"8":{"start":{"line":9,"column":0},"end":{"line":9,"column":7}},"9":{"start":{"line":10,"column":0},"end":{"line":10,"column":51}},"10":{"start":{"line":11,"column":0},"end":{"line":11,"column":47}},"11":{"start":{"line":12,"column":0},"end":{"line":12,"column":73}},"12":{"start":{"line":13,"column":0},"end":{"line":13,"column":81}},"13":{"start":{"line":14,"column":0},"end":{"line":14,"column":11}},"14":{"start":{"line":15,"column":0},"end":{"line":15,"column":16}},"15":{"start":{"line":16,"column":0},"end":{"line":16,"column":3}},"16":{"start":{"line":17,"column":0},"end":{"line":17,"column":1}},"19":{"start":{"line":20,"column":0},"end":{"line":20,"column":69}},"20":{"start":{"line":21,"column":0},"end":{"line":21,"column":100}},"22":{"start":{"line":23,"column":0},"end":{"line":23,"column":70}},"23":{"start":{"line":24,"column":0},"end":{"line":24,"column":63}},"24":{"start":{"line":25,"column":0},"end":{"line":25,"column":31}},"25":{"start":{"line":26,"column":0},"end":{"line":26,"column":9}},"26":{"start":{"line":27,"column":0},"end":{"line":27,"column":99}},"27":{"start":{"line":28,"column":0},"end":{"line":28,"column":13}},"29":{"start":{"line":30,"column":0},"end":{"line":30,"column":5}},"30":{"start":{"line":31,"column":0},"end":{"line":31,"column":56}},"31":{"start":{"line":32,"column":0},"end":{"line":32,"column":9}},"33":{"start":{"line":34,"column":0},"end":{"line":34,"column":72}},"34":{"start":{"line":35,"column":0},"end":{"line":35,"column":65}},"35":{"start":{"line":36,"column":0},"end":{"line":36,"column":31}},"36":{"start":{"line":37,"column":0},"end":{"line":37,"column":9}},"37":{"start":{"line":38,"column":0},"end":{"line":38,"column":99}},"38":{"start":{"line":39,"column":0},"end":{"line":39,"column":13}},"40":{"start":{"line":41,"column":0},"end":{"line":41,"column":5}},"41":{"start":{"line":42,"column":0},"end":{"line":42,"column":56}},"42":{"start":{"line":43,"column":0},"end":{"line":43,"column":9}},"44":{"start":{"line":45,"column":0},"end":{"line":45,"column":36}},"45":{"start":{"line":46,"column":0},"end":{"line":46,"column":23}},"46":{"start":{"line":47,"column":0},"end":{"line":47,"column":9}},"47":{"start":{"line":48,"column":0},"end":{"line":48,"column":44}},"48":{"start":{"line":49,"column":0},"end":{"line":49,"column":13}},"50":{"start":{"line":51,"column":0},"end":{"line":51,"column":5}},"51":{"start":{"line":52,"column":0},"end":{"line":52,"column":21}},"52":{"start":{"line":53,"column":0},"end":{"line":53,"column":9}},"54":{"start":{"line":55,"column":0},"end":{"line":55,"column":35}},"55":{"start":{"line":56,"column":0},"end":{"line":56,"column":12}},"56":{"start":{"line":57,"column":0},"end":{"line":57,"column":34}},"57":{"start":{"line":58,"column":0},"end":{"line":58,"column":36}},"58":{"start":{"line":59,"column":0},"end":{"line":59,"column":12}},"59":{"start":{"line":60,"column":0},"end":{"line":60,"column":18}},"60":{"start":{"line":61,"column":0},"end":{"line":61,"column":13}},"61":{"start":{"line":62,"column":0},"end":{"line":62,"column":7}},"62":{"start":{"line":63,"column":0},"end":{"line":63,"column":42}},"63":{"start":{"line":64,"column":0},"end":{"line":64,"column":4}},"65":{"start":{"line":66,"column":0},"end":{"line":66,"column":79}},"66":{"start":{"line":67,"column":0},"end":{"line":67,"column":1}}},"s":{"0":1,"2":1,"3":1,"7":8,"8":8,"9":8,"10":8,"11":2,"12":8,"13":8,"14":1,"15":1,"16":8,"19":1,"20":12,"22":12,"23":1,"24":1,"25":1,"26":1,"27":1,"29":0,"30":1,"31":12,"33":12,"34":2,"35":2,"36":2,"37":2,"38":2,"40":0,"41":2,"42":12,"44":12,"45":1,"46":1,"47":1,"48":1,"50":0,"51":1,"52":12,"54":12,"55":12,"56":12,"57":12,"58":12,"59":12,"60":12,"61":12,"62":12,"63":12,"65":12,"66":12},"branchMap":{"0":{"type":"branch","line":8,"loc":{"start":{"line":8,"column":0},"end":{"line":17,"column":1}},"locations":[{"start":{"line":8,"column":0},"end":{"line":17,"column":1}}]},"1":{"type":"branch","line":11,"loc":{"start":{"line":11,"column":9},"end":{"line":11,"column":35}},"locations":[{"start":{"line":11,"column":9},"end":{"line":11,"column":35}}]},"2":{"type":"branch","line":11,"loc":{"start":{"line":11,"column":35},"end":{"line":11,"column":47}},"locations":[{"start":{"line":11,"column":35},"end":{"line":11,"column":47}}]},"3":{"type":"branch","line":11,"loc":{"start":{"line":11,"column":42},"end":{"line":13,"column":76}},"locations":[{"start":{"line":11,"column":42},"end":{"line":13,"column":76}}]},"4":{"type":"branch","line":11,"loc":{"start":{"line":11,"column":42},"end":{"line":13,"column":25}},"locations":[{"start":{"line":11,"column":42},"end":{"line":13,"column":25}}]},"5":{"type":"branch","line":13,"loc":{"start":{"line":13,"column":18},"end":{"line":13,"column":76}},"locations":[{"start":{"line":13,"column":18},"end":{"line":13,"column":76}}]},"6":{"type":"branch","line":13,"loc":{"start":{"line":13,"column":60},"end":{"line":13,"column":72}},"locations":[{"start":{"line":13,"column":60},"end":{"line":13,"column":72}}]},"7":{"type":"branch","line":13,"loc":{"start":{"line":13,"column":72},"end":{"line":13,"column":81}},"locations":[{"start":{"line":13,"column":72},"end":{"line":13,"column":81}}]},"8":{"type":"branch","line":14,"loc":{"start":{"line":14,"column":2},"end":{"line":16,"column":3}},"locations":[{"start":{"line":14,"column":2},"end":{"line":16,"column":3}}]},"9":{"type":"branch","line":20,"loc":{"start":{"line":20,"column":7},"end":{"line":67,"column":1}},"locations":[{"start":{"line":20,"column":7},"end":{"line":67,"column":1}}]},"10":{"type":"branch","line":23,"loc":{"start":{"line":23,"column":28},"end":{"line":32,"column":5}},"locations":[{"start":{"line":23,"column":28},"end":{"line":32,"column":5}}]},"11":{"type":"branch","line":28,"loc":{"start":{"line":28,"column":4},"end":{"line":30,"column":5}},"locations":[{"start":{"line":28,"column":4},"end":{"line":30,"column":5}}]},"12":{"type":"branch","line":34,"loc":{"start":{"line":34,"column":34},"end":{"line":43,"column":5}},"locations":[{"start":{"line":34,"column":34},"end":{"line":43,"column":5}}]},"13":{"type":"branch","line":39,"loc":{"start":{"line":39,"column":4},"end":{"line":41,"column":5}},"locations":[{"start":{"line":39,"column":4},"end":{"line":41,"column":5}}]},"14":{"type":"branch","line":45,"loc":{"start":{"line":45,"column":29},"end":{"line":53,"column":5}},"locations":[{"start":{"line":45,"column":29},"end":{"line":53,"column":5}}]},"15":{"type":"branch","line":49,"loc":{"start":{"line":49,"column":4},"end":{"line":51,"column":5}},"locations":[{"start":{"line":49,"column":4},"end":{"line":51,"column":5}}]},"16":{"type":"branch","line":56,"loc":{"start":{"line":56,"column":4},"end":{"line":62,"column":7}},"locations":[{"start":{"line":56,"column":4},"end":{"line":62,"column":7}}]},"17":{"type":"branch","line":57,"loc":{"start":{"line":57,"column":12},"end":{"line":57,"column":29}},"locations":[{"start":{"line":57,"column":12},"end":{"line":57,"column":29}}]},"18":{"type":"branch","line":57,"loc":{"start":{"line":57,"column":21},"end":{"line":57,"column":34}},"locations":[{"start":{"line":57,"column":21},"end":{"line":57,"column":34}}]},"19":{"type":"branch","line":58,"loc":{"start":{"line":58,"column":13},"end":{"line":58,"column":31}},"locations":[{"start":{"line":58,"column":13},"end":{"line":58,"column":31}}]},"20":{"type":"branch","line":58,"loc":{"start":{"line":58,"column":22},"end":{"line":58,"column":36}},"locations":[{"start":{"line":58,"column":22},"end":{"line":58,"column":36}}]}},"b":{"0":[8],"1":[3],"2":[6],"3":[7],"4":[2],"5":[1],"6":[0],"7":[0],"8":[1],"9":[12],"10":[1],"11":[0],"12":[2],"13":[0],"14":[1],"15":[0],"16":[12],"17":[4],"18":[8],"19":[4],"20":[8]},"fnMap":{"0":{"name":"readStoredSession","decl":{"start":{"line":8,"column":0},"end":{"line":17,"column":1}},"loc":{"start":{"line":8,"column":0},"end":{"line":17,"column":1}},"line":8},"1":{"name":"AuthProvider","decl":{"start":{"line":20,"column":7},"end":{"line":67,"column":1}},"loc":{"start":{"line":20,"column":7},"end":{"line":67,"column":1}},"line":20}},"f":{"0":8,"1":12}}
,"/home/user/Chat2DB/mp-app/studio/src/auth/sessionContext.ts": {"path":"/home/user/Chat2DB/mp-app/studio/src/auth/sessionContext.ts","all":false,"statementMap":{"0":{"start":{"line":1,"column":0},"end":{"line":1,"column":38}},"17":{"start":{"line":18,"column":0},"end":{"line":18,"column":65}}},"s":{"0":1,"17":1},"branchMap":{},"b":{},"fnMap":{},"f":{}}
,"/home/user/Chat2DB/mp-app/studio/src/auth/useAuth.ts": {"path":"/home/user/Chat2DB/mp-app/studio/src/auth/useAuth.ts","all":false,"statementMap":{"0":{"start":{"line":1,"column":0},"end":{"line":1,"column":35}},"2":{"start":{"line":3,"column":0},"end":{"line":3,"column":63}},"10":{"start":{"line":11,"column":0},"end":{"line":11,"column":38}},"11":{"start":{"line":12,"column":0},"end":{"line":12,"column":38}},"12":{"start":{"line":13,"column":0},"end":{"line":13,"column":74}},"13":{"start":{"line":14,"column":0},"end":{"line":14,"column":13}},"14":{"start":{"line":15,"column":0},"end":{"line":15,"column":1}}},"s":{"0":1,"2":1,"10":1,"11":13,"12":13,"13":13,"14":13},"branchMap":{"0":{"type":"branch","line":11,"loc":{"start":{"line":11,"column":7},"end":{"line":15,"column":1}},"locations":[{"start":{"line":11,"column":7},"end":{"line":15,"column":1}}]},"1":{"type":"branch","line":13,"loc":{"start":{"line":13,"column":12},"end":{"line":13,"column":74}},"locations":[{"start":{"line":13,"column":12},"end":{"line":13,"column":74}}]}},"b":{"0":[13],"1":[0]},"fnMap":{"0":{"name":"useAuth","decl":{"start":{"line":11,"column":7},"end":{"line":15,"column":1}},"loc":{"start":{"line":11,"column":7},"end":{"line":15,"column":1}},"line":11}},"f":{"0":13}}
,"/home/user/Chat2DB/mp-app/studio/src/client/workoutDraft.ts": {"path":"/home/user/Chat2DB/mp-app/studio/src/client/workoutDraft.ts","all":false,"statementMap":{"32":{"start":{"line":33,"column":0},"end":{"line":33,"column":58}},"33":{"start":{"line":34,"column":0},"end":{"line":34,"column":30}},"34":{"start":{"line":35,"column":0},"end":{"line":35,"column":56}},"35":{"start":{"line":36,"column":0},"end":{"line":36,"column":51}},"36":{"start":{"line":37,"column":0},"end":{"line":37,"column":26}},"37":{"start":{"line":38,"column":0},"end":{"line":38,"column":1}},"40":{"start":{"line":41,"column":0},"end":{"line":41,"column":73}},"41":{"start":{"line":42,"column":0},"end":{"line":42,"column":10}},"42":{"start":{"line":43,"column":0},"end":{"line":43,"column":31}},"43":{"start":{"line":44,"column":0},"end":{"line":44,"column":64}},"44":{"start":{"line":45,"column":0},"end":{"line":45,"column":13}},"45":{"start":{"line":46,"column":0},"end":{"line":46,"column":4}},"46":{"start":{"line":47,"column":0},"end":{"line":47,"column":1}},"49":{"start":{"line":50,"column":0},"end":{"line":50,"column":47}},"50":{"start":{"line":51,"column":0},"end":{"line":51,"column":56}},"51":{"start":{"line":52,"column":0},"end":{"line":52,"column":1}},"54":{"start":{"line":55,"column":0},"end":{"line":55,"column":44}},"55":{"start":{"line":56,"column":0},"end":{"line":56,"column":31}},"56":{"start":{"line":57,"column":0},"end":{"line":57,"column":34}},"57":{"start":{"line":58,"column":0},"end":{"line":58,"column":28}},"58":{"start":{"line":59,"column":0},"end":{"line":59,"column":49}},"59":{"start":{"line":60,"column":0},"end":{"line":60,"column":1}},"68":{"start":{"line":69,"column":0},"end":{"line":69,"column":46}},"69":{"start":{"line":70,"column":0},"end":{"line":70,"column":52}},"70":{"start":{"line":71,"column":0},"end":{"line":71,"column":1}},"73":{"start":{"line":74,"column":0},"end":{"line":74,"column":75}},"74":{"start":{"line":75,"column":0},"end":{"line":75,"column":41}},"75":{"start":{"line":76,"column":0},"end":{"line":76,"column":55}},"76":{"start":{"line":77,"column":0},"end":{"line":77,"column":78}},"77":{"start":{"line":78,"column":0},"end":{"line":78,"column":3}},"78":{"start":{"line":79,"column":0},"end":{"line":79,"column":68}},"79":{"start":{"line":80,"column":0},"end":{"line":80,"column":27}},"80":{"start":{"line":81,"column":0},"end":{"line":81,"column":79}},"81":{"start":{"line":82,"column":0},"end":{"line":82,"column":3}},"82":{"start":{"line":83,"column":0},"end":{"line":83,"column":37}},"83":{"start":{"line":84,"column":0},"end":{"line":84,"column":30}},"84":{"start":{"line":85,"column":0},"end":{"line":85,"column":32}},"85":{"start":{"line":8
[...]
":{"line":60,"column":0},"end":{"line":60,"column":1}},"62":{"start":{"line":63,"column":0},"end":{"line":63,"column":25}},"63":{"start":{"line":64,"column":0},"end":{"line":64,"column":11}},"64":{"start":{"line":65,"column":0},"end":{"line":65,"column":8}},"65":{"start":{"line":66,"column":0},"end":{"line":66,"column":11}},"66":{"start":{"line":67,"column":0},"end":{"line":67,"column":11}},"67":{"start":{"line":68,"column":0},"end":{"line":68,"column":12}},"68":{"start":{"line":69,"column":0},"end":{"line":69,"column":4}},"74":{"start":{"line":75,"column":0},"end":{"line":75,"column":4}},"75":{"start":{"line":76,"column":0},"end":{"line":76,"column":10}},"76":{"start":{"line":77,"column":0},"end":{"line":77,"column":72}},"77":{"start":{"line":78,"column":0},"end":{"line":78,"column":12}},"78":{"start":{"line":79,"column":0},"end":{"line":79,"column":19}},"79":{"start":{"line":80,"column":0},"end":{"line":80,"column":29}},"80":{"start":{"line":81,"column":0},"end":{"line":81,"column":30}},"81":{"start":{"line":82,"column":0},"end":{"line":82,"column":50}},"82":{"start":{"line":83,"column":0},"end":{"line":83,"column":44}},"83":{"start":{"line":84,"column":0},"end":{"line":84,"column":19}},"84":{"start":{"line":85,"column":0},"end":{"line":85,"column":8}},"85":{"start":{"line":86,"column":0},"end":{"line":86,"column":37}},"86":{"start":{"line":87,"column":0},"end":{"line":87,"column":38}},"87":{"start":{"line":88,"column":0},"end":{"line":88,"column":17}},"88":{"start":{"line":89,"column":0},"end":{"line":89,"column":28}},"89":{"start":{"line":90,"column":0},"end":{"line":90,"column":21}},"90":{"start":{"line":91,"column":0},"end":{"line":91,"column":28}},"91":{"start":{"line":92,"column":0},"end":{"line":92,"column":58}},"92":{"start":{"line":93,"column":0},"end":{"line":93,"column":12}},"93":{"start":{"line":94,"column":0},"end":{"line":94,"column":17}},"94":{"start":{"line":95,"column":0},"end":{"line":95,"column":25}},"95":{"start":{"line":96,"column":0},"end":{"line":96,"column":23}},"96":{"start":{"line":97,"column":0},"end":{"line":97,"column":26}},"97":{"start":{"line":98,"column":0},"end":{"line":98,"column":56}},"98":{"start":{"line":99,"column":0},"end":{"line":99,"column":12}},"99":{"start":{"line":100,"column":0},"end":{"line":100,"column":14}},"100":{"start":{"line":101,"column":0},"end":{"line":101,"column":9}},"101":{"start":{"line":102,"column":0},"end":{"line":102,"column":55}},"103":{"start":{"line":104,"column":0},"end":{"line":104,"column":21}},"104":{"start":{"line":105,"column":0},"end":{"line":105,"column":10}},"106":{"start":{"line":107,"column":0},"end":{"line":107,"column":1}},"109":{"start":{"line":110,"column":0},"end":{"line":110,"column":65}},"110":{"start":{"line":111,"column":0},"end":{"line":111,"column":10}},"111":{"start":{"line":112,"column":0},"end":{"line":112,"column":6}},"112":{"start":{"line":113,"column":0},"end":{"line":113,"column":44}},"113":{"start":{"line":114,"column":0},"end":{"line":114,"column":31}},"114":{"start":{"line":115,"column":0},"end":{"line":115,"column":56}},"116":{"start":{"line":117,"column":0},"end":{"line":117,"column":58}},"117":{"start":{"line":118,"column":0},"end":{"line":118,"column":43}},"118":{"start":{"line":119,"column":0},"end":{"line":119,"column":71}},"119":{"start":{"line":120,"column":0},"end":{"line":120,"column":73}},"120":{"start":{"line":121,"column":0},"end":{"line":121,"column":82}},"121":{"start":{"line":122,"column":0},"end":{"line":122,"column":85}},"122":{"start":{"line":123,"column":0},"end":{"line":123,"column":17}},"123":{"start":{"line":124,"column":0},"end":{"line":124,"column":13}},"124":{"start":{"line":125,"column":0},"end":{"line":125,"column":13}},"126":{"start":{"line":127,"column":0},"end":{"line":127,"column":7}},"128":{"start":{"line":129,"column":0},"end":{"line":129,"column":1}},"131":{"start":{"line":132,"column":0},"end":{"line":132,"column":94}},"132":{"start":{"line":133,"column":0},"end":{"line":133,"column":23}},"133":{"start":{"line":134,"column":0},"end":{"line":134,"column":12}},"134":{"start":{"line":135,"column":0},"end":{"line":135,"column":68}},"135":{"start":{"line":136,"column":0},"end":{"line":136,"column":15}},"136":{"start":{"line":137,"column":0},"end":{"line":137,"column":10}},"138":{"start":{"line":139,"column":0},"end":{"line":139,"column":3}},"139":{"start":{"line":140,"column":0},"end":{"line":140,"column":23}},"140":{"start":{"line":141,"column":0},"end":{"line":141,"column":12}},"141":{"start":{"line":142,"column":0},"end":{"line":142,"column":79}},"142":{"start":{"line":143,"column":0},"end":{"line":143,"column":81}},"143":{"start":{"line":144,"column":0},"end":{"line":144,"column":10}},"145":{"start":{"line":146,"column":0},"end":{"line":146,"column":3}},"146":{"start":{"line":147,"column":0},"end":{"line":147,"column":14}},"147":{"start":{"line":148,"column":0},"end":{"line":148,"column":1}},"150":{"start":{"line":151,"column":0},"end":{"line":151,"column":61}},"151":{"start":{"line":152,"column":0},"end":{"line":152,"column":46}},"152":{"start":{"line":153,"column":0},"end":{"line":153,"column":10}},"153":{"start":{"line":154,"column":0},"end":{"line":154,"column":23}},"154":{"start":{"line":155,"column":0},"end":{"line":155,"column":32}},"156":{"start":{"line":157,"column":0},"end":{"line":157,"column":14}},"157":{"start":{"line":158,"column":0},"end":{"line":158,"column":29}},"158":{"start":{"line":159,"column":0},"end":{"line":159,"column":19}},"159":{"start":{"line":160,"column":0},"end":{"line":160,"column":21}},"160":{"start":{"line":161,"column":0},"end":{"line":161,"column":35}},"161":{"start":{"line":162,"column":0},"end":{"line":162,"column":64}},"162":{"start":{"line":163,"column":0},"end":{"line":163,"column":21}},"163":{"start":{"line":164,"column":0},"end":{"line":164,"column":33}},"164":{"start":{"line":165,"column":0},"end":{"line":165,"column":10}},"165":{"start":{"line":166,"column":0},"end":{"line":166,"column":14}},"167":{"start":{"line":168,"column":0},"end":{"line":168,"column":40}},"168":{"start":{"line":169,"column":0},"end":{"line":169,"column":23}},"169":{"start":{"line":170,"column":0},"end":{"line":170,"column":18}},"170":{"start":{"line":171,"column":0},"end":{"line":171,"column":23}},"171":{"start":{"line":172,"column":0},"end":{"line":172,"column":20}},"172":{"start":{"line":173,"column":0},"end":{"line":173,"column":62}},"173":{"start":{"line":174,"column":0},"end":{"line":174,"column":43}},"174":{"start":{"line":175,"column":0},"end":{"line":175,"column":64}},"175":{"start":{"line":176,"column":0},"end":{"line":176,"column":10}},"176":{"start":{"line":177,"column":0},"end":{"line":177,"column":9}},"178":{"start":{"line":179,"column":0},"end":{"line":179,"column":64}},"180":{"start":{"line":181,"column":0},"end":{"line":181,"column":21}},"182":{"start":{"line":183,"column":0},"end":{"line":183,"column":32}},"184":{"start":{"line":185,"column":0},"end":{"line":185,"column":17}},"185":{"start":{"line":186,"column":0},"end":{"line":186,"column":28}},"186":{"start":{"line":187,"column":0},"end":{"line":187,"column":57}},"187":{"start":{"line":188,"column":0},"end":{"line":188,"column":18}},"188":{"start":{"line":189,"column":0},"end":{"line":189,"column":48}},"189":{"start":{"line":190,"column":0},"end":{"line":190,"column":35}},"190":{"start":{"line":191,"column":0},"end":{"line":191,"column":10}},"191":{"start":{"line":192,"column":0},"end":{"line":192,"column":14}},"193":{"start":{"line":194,"column":0},"end":{"line":194,"column":63}},"195":{"start":{"line":196,"column":0},"end":{"line":196,"column":100}},"197":{"start":{"line":198,"column":0},"end":{"line":198,"column":21}},"198":{"start":{"line":199,"column":0},"end":{"line":199,"column":10}},"200":{"start":{"line":201,"column":0},"end":{"line":201,"column":1}},"208":{"start":{"line":209,"column":0},"end":{"line":209,"column":32}},"209":{"start":{"line":210,"column":0},"end":{"line":210,"column":8}},"210":{"start":{"line":211,"column":0},"end":{"line":211,"column":10}},"211":{"start":{"line":212,"column":0},"end":{"line":212,"column":4}},"214":{"start":{"line":215,"column":0},"end":{"line":215,"column":4}},"215":{"start":{"line":216,"column":0},"end":{"line":216,"column":10}},"216":{"start":{"line":217,"column":0},"end":{"line":217,"column":81}},"217":{"start":{"line":218,"column":0},"end":{"line":218,"column":48}},"218":{"start":{"line":219,"column":0},"end":{"line":219,"column":35}},"219":{"start":{"line":220,"column":0},"end":{"line":220,"column":42}},"220":{"start":{"line":221,"column":0},"end":{"line":221,"column":14}},"222":{"start":{"line":223,"column":0},"end":{"line":223,"column":1}},"224":{"start":{"line":225,"column":0},"end":{"line":225,"column":30}}},"s":{"0":1,"2":1,"3":1,"7":1,"9":1,"10":1,"11":1,"12":1,"13":1,"14":1,"15":1,"16":1,"17":1,"18":1,"19":1,"20":1,"21":1,"22":1,"25":0,"26":0,"27":0,"28":0,"29":0,"30":0,"35":0,"36":0,"37":0,"38":0,"39":0,"40":0,"41":0,"42":0,"43":0,"44":0,"45":0,"46":0,"47":0,"48":0,"49":0,"50":0,"51":0,"52":0,"53":0,"54":0,"55":0,"56":0,"57":0,"59":0,"62":7,"63":7,"64":7,"65":7,"66":7,"67":7,"68":7,"74":7,"75":7,"76":7,"77":7,"78":7,"79":7,"80":7,"81":7,"82":7,"83":7,"84":7,"85":7,"86":0,"87":0,"88":0,"89":0,"90":0,"91":0,"92":0,"93":0,"94":0,"95":0,"96":0,"97":0,"98":0,"99":0,"100":7,"101":7,"103":7,"104":7,"106":7,"109":7,"110":7,"111":7,"112":7,"113":7,"114":6,"116":1,"117":1,"118":1,"119":1,"120":1,"121":1,"122":1,"123":1,"124":1,"126":7,"128":7,"131":7,"132":7,"133":0,"134":0,"135":0,"136":0,"138":0,"139":7,"140":0,"141":0,"142":0,"143":0,"145":0,"146":7,"147":7,"150":7,"151":7,"152":7,"153":7,"154":7,"156":7,"157":7,"158":7,"159":7,"160":7,"161":7,"162":7,"163":7,"164":7,"165":7,"167":7,"168":7,"169":7,"170":7,"171":7,"172":7,"173":7,"174":7,"175":7,"176":7,"178":7,"180":7,"182":7,"184":7,"185":7,"186":7,"187":7,"188":7,"189":7,"190":7,"191":7,"193":7,"195":7,"197":7,"198":7,"200":7,"208":1,"209":7,"210":7,"211":7,"214":7,"215":7,"216":7,"217":7,"218":7,"219":7,"220":7,"222":7,"224":1},"branchMap":{"0":{"type":"branch","line":63,"loc":{"start":{"line":63,"column":0},"end":{"line":107,"column":1}},"locations":[{"start":{"line":63,"column":0},"end":{"line":107,"column":1}}]},"1":{"type":"branch","line":110,"loc":{"start":{"line":110,"column":0},"end":{"line":129,"column":1}},"locations":[{"start":{"line":110,"column":0},"end":{"line":129,"column":1}}]},"2":{"type":"branch","line":114,"loc":{"start":{"line":114,"column":26},"end":{"line":115,"column":56}},"locations":[{"start":{"line":114,"column":26},"end":{"line":115,"column":56}}]},"3":{"type":"branch","line":115,"loc":{"start":{"line":115,"column":52},"end":{"line":125,"column":13}},"locations":[{"start":{"line":115,"column":52},"end":{"line":125,"column":13}}]},"4":{"type":"branch","line":118,"loc":{"start":{"line":118,"column":35},"end":{"line":123,"column":17}},"locations":[{"start":{"line":118,"column":35},"end":{"line":123,"column":17}}]},"5":{"type":"branch","line":122,"loc":{"start":{"line":122,"column":17},"end":{"line":122,"column":80}},"locations":[{"start":{"line":122,"column":17},"end":{"line":122,"column":80}}]},"6":{"type":"branch","line":121,"loc":{"start":{"line":121,"column":50},"end":{"line":121,"column":63}},"locations":[{"start":{"line":121,"column":50},"end":{"line":121,"column":63}}]},"7":{"type":"branch","line":132,"loc":{"start":{"line":132,"column":0},"end":{"line":148,"column":1}},"locations":[{"start":{"line":132,"column":0},"end":{"line":148,"column":1}}]},"8":{"type":"branch","line":133,"loc":{"start":{"line":133,"column":22},"end":{"line":139,"column":3}},"locations":[{"start":{"line":133,"column":22},"end":{"line":139,"column":3}}]},"9":{"type":"branch","line":140,"loc":{"start":{"line":140,"column":22},"end":{"line":146,"column":3}},"locations":[{"start":{"line":140,"column":22},"end":{"line":146,"column":3}}]},"10":{"type":"branch","line":151,"loc":{"start":{"line":151,"column":0},"end":{"line":201,"column":1}},"locations":[{"start":{"line":151,"column":0},"end":{"line":201,"column":1}}]},"11":{"type":"branch","line":168,"loc":{"start":{"line":168,"column":27},"end":{"line":176,"column":10}},"locations":[{"start":{"line":168,"column":27},"end":{"line":176,"column":10}}]},"12":{"type":"branch","line":209,"loc":{"start":{"line":209,"column":7},"end":{"line":223,"column":1}},"locations":[{"start":{"line":209,"column":7},"end":{"line":223,"column":1}}]}},"b":{"0":[7],"1":[7],"2":[6],"3":[1],"4":[1],"5":[0],"6":[1],"7":[7],"8":[0],"9":[0],"10":[7],"11":[7],"12":[7]},"fnMap":{"0":{"name":"SetBox","decl":{"start":{"line":26,"column":0},"end":{"line":60,"column":1}},"loc":{"start":{"line":26,"column":0},"end":{"line":60,"column":1}},"line":26},"1":{"name":"ExerciseEditor","decl":{"start":{"line":63,"column":0},"end":{"line":107,"column":1}},"loc":{"start":{"line":63,"column":0},"end":{"line":107,"column":1}},"line":63},"2":{"name":"onChange","decl":{"start":{"line":82,"column":18},"end":{"line":82,"column":50}},"loc":{"start":{"line":82,"column":18},"end":{"line":82,"column":50}},"line":82},"3":{"name":"WorkoutHistory","decl":{"start":{"line":110,"column":0},"end":{"line":129,"column":1}},"loc":{"start":{"line":110,"column":0},"end":{"line":129,"column":1}},"line":110},"4":{"name":"WorkoutStatus","decl":{"start":{"line":132,"column":0},"end":{"line":148,"column":1}},"loc":{"start":{"line":132,"column":0},"end":{"line":148,"column":1}},"line":132},"5":{"name":"WorkoutForm","decl":{"start":{"line":151,"column":0},"end":{"line":201,"column":1}},"loc":{"start":{"line":151,"column":0},"end":{"line":201,"column":1}},"line":151},"6":{"name":"onChange","decl":{"start":{"line":162,"column":20},"end":{"line":162,"column":64}},"loc":{"start":{"line":162,"column":20},"end":{"line":162,"column":64}},"line":162},"7":{"name":"onRename","decl":{"start":{"line":173,"column":20},"end":{"line":173,"column":62}},"loc":{"start":{"line":173,"column":20},"end":{"line":173,"column":62}},"line":173},"8":{"name":"onAddSet","decl":{"start":{"line":174,"column":20},"end":{"line":174,"column":43}},"loc":{"start":{"line":174,"column":20},"end":{"line":174,"column":43}},"line":174},"9":{"name":"onEditSet","decl":{"start":{"line":175,"column":21},"end":{"line":175,"column":64}},"loc":{"start":{"line":175,"column":21},"end":{"line":175,"column":64}},"line":175},"10":{"name":"onChange","decl":{"start":{"line":187,"column":20},"end":{"line":187,"column":57}},"loc":{"start":{"line":187,"column":20},"end":{"line":187,"column":57}},"line":187},"11":{"name":"WorkoutLogCard","decl":{"start":{"line":209,"column":7},"end":{"line":223,"column":1}},"loc":{"start":{"line":209,"column":7},"end":{"line":223,"column":1}},"line":209}},"f":{"0":0,"1":7,"2":0,"3":7,"4":7,"5":7,"6":0,"7":0,"8":0,"9":0,"10":0,"11":7}}
,"/home/user/Chat2DB/mp-app/studio/src/styles/blocks.ts": {"path":"/home/user/Chat2DB/mp-app/studio/src/styles/blocks.ts","all":false,"statementMap":{"10":{"start":{"line":11,"column":0},"end":{"line":11,"column":43}},"11":{"start":{"line":12,"column":0},"end":{"line":12,"column":30}},"12":{"start":{"line":13,"column":0},"end":{"line":13,"column":2}},"14":{"start":{"line":15,"column":0},"end":{"line":15,"column":41}},"15":{"start":{"line":16,"column":0},"end":{"line":16,"column":34}},"16":{"start":{"line":17,"column":0},"end":{"line":17,"column":2}},"18":{"start":{"line":19,"column":0},"end":{"line":19,"column":37}},"19":{"start":{"line":20,"column":0},"end":{"line":20,"column":41}},"20":{"start":{"line":21,"column":0},"end":{"line":21,"column":2}},"22":{"start":{"line":23,"column":0},"end":{"line":23,"column":42}},"23":{"start":{"line":24,"column":0},"end":{"line":24,"column":18}},"24":{"start":{"line":25,"column":0},"end":{"line":25,"column":26}},"25":{"start":{"line":26,"column":0},"end":{"line":26,"column":9}},"26":{"start":{"line":27,"column":0},"end":{"line":27,"column":15}},"27":{"start":{"line":28,"column":0},"end":{"line":28,"column":11}},"28":{"start":{"line":29,"column":0},"end":{"line":29,"column":2}},"30":{"start":{"line":31,"column":0},"end":{"line":31,"column":39}},"31":{"start":{"line":32,"column":0},"end":{"line":32,"column":18}},"32":{"start":{"line":33,"column":0},"end":{"line":33,"column":19}},"33":{"start":{"line":34,"column":0},"end":{"line":34,"column":9}},"34":{"start":{"line":35,"column":0},"end":{"line":35,"column":2}},"36":{"start":{"line":37,"column":0},"end":{"line":37,"column":39}},"37":{"start":{"line":38,"column":0},"end":{"line":38,"column":18}},"38":{"start":{"line":39,"column":0},"end":{"line":39,"column":26}},"39":{"start":{"line":40,"column":0},"end":{"line":40,"column":25}},"40":{"start":{"line":41,"column":0},"end":{"line":41,"column":2}},"42":{"start":{"line":43,"column":0},"end":{"line":43,"column":39}},"43":{"start":{"line":44,"column":0},"end":{"line":44,"column":18}},"44":{"start":{"line":45,"column":0},"end":{"line":45,"column":26}},"45":{"start":{"line":46,"column":0},"end":{"line":46,"column":25}},"46":{"start":{"line":47,"column":0},"end":{"line":47,"column":2}},"48":{"start":{"line":49,"column":0},"end":{"line":49,"column":43}},"49":{"start":{"line":50,"column":0},"end":{"line":50,"column":23}},"50":{"start":{"line":51,"column":0},"end":{"line":51,"column":18}},"51":{"start":{"line":52,"column":0},"end":{"line":52,"column":37}},"52":{"start":{"line":53,"column":0},"end":{"line":53,"column":49}},"53":{"start":{"line":54,"column":0},"end":{"line":54,"column":19}},"54":{"start":{"line":55,"column":0},"end":{"line":55,"column":15}},"55":{"start":{"line":56,"column":0},"end":{"line":56,"column":2}},"57":{"start":{"line":58,"column":0},"end":{"line":58,"column":41}},"58":{"start":{"line":59,"column":0},"end":{"line":59,"column":15}},"59":{"start":{"line":60,"column":0},"end":{"line":60,"column":12}},"60":{"start":{"line":61,"column":0},"end":{"line":61,"column":11}},"61":{"start":{"line":62,"column":0},"end":{"line":62,"column":2}},"63":{"start":{"line":64,"column":0},"end":{"line":64,"column":40}},"64":{"start":{"line":65,"column":0},"end":{"line":65,"column":18}},"65":{"start":{"line":66,"column":0},"end":{"line":66,"column":63}},"66":{"start":{"line":67,"column":0},"end":{"line":67,"column":25}},"67":{"start":{"line":68,"column":0},"end":{"line":68,"column":2}},"69":{"start":{"line":70,"column":0},"end":{"line":70,"column":42}},"70":{"start":{"line":71,"column":0},"end":{"line":71,"column":18}},"71":{"start":{"line":72,"column":0},"end":{"line":72,"column":40}},"72":{"start":{"line":73,"column":0},"end":{"line":73,"column":25}},"73":{"start":{"line":74,"column":0},"end":{"line":74,"column":2}},"75":{"start":{"line":76,"column":0},"end":{"line":76,"column":41}},"76":{"start":{"line":77,"column":0},"end":{"line":77,"column":15}},"77":{"start":{"line":78,"column":0},"end":{"line":78,"column":18}},"78":{"start":{"line":79,"column":0},"end":{"line":79,"column":36}},"79":{"start":{"line":80,"column":0},"end":{"line":80,"column":31}},"80":{"start":{"line":81,"column":0},"end":{"line":81,"column":2}},"82":{"start":{"line":83,"column":0},"end":{"line":83,"column":43}},"83":{"start":{"line":84,"column":0},"end":{"line":84,"column":15}},"84":{"start":{"line":85,"column":0},"end":{"line":85,"column":36}},"85":{"start":{"line":86,"column":0},"end":{"line":86,"column":2}},"87":{"start":{"line":88,"column":0},"end":{"line":88,"column":42}},"88":{"start":{"line":89,"column":0},"end":{"line":89,"column":41}},"89":{"start":{"line":90,"column":0},"end":{"line":90,"column":2}}},"s":{"10":1,"11":1,"12":1,"14":1,"15":1,"16":1,"18":1,"19":1,"20":1,"22":1,"23":1,"24":1,"25":1,"26":1,"27":1,"28":1,"30":1,"31":1,"32":1,"33":1,"34":1,"36":1,"37":1,"38":1,"39":1,"40":1,"42":1,"43":1,"44":1,"45":1,"46":1,"48":1,"49":1,"50":1,"51":1,"52":1,"53":1,"54":1,"55":1,"57":1,"58":1,"59":1,"60":1,"61":1,"63":1,"64":1,"65":1,"66":1,"67":1,"69":1,"70":1,"71":1,"72":1,"73":1,"75":1,"76":1,"77":1,"78":1,"79":1,"80":1,"82":1,"83":1,"84":1,"85":1,"87":1,"88":1,"89":1},"branchMap":{},"b":{},"fnMap":{},"f":{}}
}
